init:     ip: 164  (coldstart entry point)
next:     ip: 165, w: 170, m[w]: nest
nest:     ip (old): 165, w: 170 --> ip (new): 171, w: 170
next:     ip: 172, w: 182, m[w]: nest
nest:     ip (old): 172, w: 182 --> ip (new): 183, w: 182
next:     ip: 184, w: 9, m[w]: literal
lit:      ip: 184, s[0]=123
next:     ip: 186, w: 9, m[w]: literal   (depth: 1, tos: 123)
lit:      ip: 186, s[0]=5
next:     ip: 188, w: 166, m[w]: doconst   (depth: 2, tos: 5)
next:     ip: 189, w: 36, m[w]: led   (depth: 3, tos: -1)
next:     ip: 190, w: 168, m[w]: doconst   (depth: 2, tos: 5)
next:     ip: 191, w: 36, m[w]: led   (depth: 3, tos: 1)
next:     ip: 192, w: 71, m[w]: nest   (depth: 2, tos: 5)
nest:     ip (old): 192, w: 71 --> ip (new): 72, w: 71
next:     ip: 73, w: 41, m[w]: doconst   (depth: 2, tos: 5)
next:     ip: 74, w: 26, m[w]: +   (depth: 3, tos: -1)
next:     ip: 75, w: 4, m[w]: unnest   (depth: 2, tos: 4)
unnest:   ip = 192      (continue at restored ip)
next:     ip: 193, w: 134, m[w]: nest   (depth: 2, tos: 4)
nest:     ip (old): 193, w: 134 --> ip (new): 135, w: 134
next:     ip: 136, w: 10, m[w]: dup   (depth: 2, tos: 4)
next:     ip: 137, w: 8, m[w]: branch0   (depth: 3, tos: 4)
next:     ip: 139, w: 10, m[w]: dup   (depth: 2, tos: 4)
next:     ip: 140, w: 4, m[w]: unnest   (depth: 3, tos: 4)
unnest:   ip = 193      (continue at restored ip)
next:     ip: 194, w: 35, m[w]: 0=   (depth: 3, tos: 4)
next:     ip: 195, w: 177, m[w]: nest   (depth: 3, tos: 0)
nest:     ip (old): 195, w: 177 --> ip (new): 178, w: 177
next:     ip: 179, w: 8, m[w]: branch0   (depth: 3, tos: 0)
branch:   ip: 181 (destination)
next:     ip: 182, w: 4, m[w]: unnest   (depth: 2, tos: 4)
unnest:   ip = 195      (continue at restored ip)
next:     ip: 196, w: 7, m[w]: branch   (depth: 2, tos: 4)
branch:   ip: 187 (destination)
next:     ip: 188, w: 166, m[w]: doconst   (depth: 2, tos: 4)
next:     ip: 189, w: 36, m[w]: led   (depth: 3, tos: -1)
next:     ip: 190, w: 168, m[w]: doconst   (depth: 2, tos: 4)
next:     ip: 191, w: 36, m[w]: led   (depth: 3, tos: 1)
next:     ip: 192, w: 71, m[w]: nest   (depth: 2, tos: 4)
nest:     ip (old): 192, w: 71 --> ip (new): 72, w: 71
next:     ip: 73, w: 41, m[w]: doconst   (depth: 2, tos: 4)
next:     ip: 74, w: 26, m[w]: +   (depth: 3, tos: -1)
next:     ip: 75, w: 4, m[w]: unnest   (depth: 2, tos: 3)
unnest:   ip = 192      (continue at restored ip)
next:     ip: 193, w: 134, m[w]: nest   (depth: 2, tos: 3)
nest:     ip (old): 193, w: 134 --> ip (new): 135, w: 134
next:     ip: 136, w: 10, m[w]: dup   (depth: 2, tos: 3)
next:     ip: 137, w: 8, m[w]: branch0   (depth: 3, tos: 3)
next:     ip: 139, w: 10, m[w]: dup   (depth: 2, tos: 3)
next:     ip: 140, w: 4, m[w]: unnest   (depth: 3, tos: 3)
unnest:   ip = 193      (continue at restored ip)
next:     ip: 194, w: 35, m[w]: 0=   (depth: 3, tos: 3)
next:     ip: 195, w: 177, m[w]: nest   (depth: 3, tos: 0)
nest:     ip (old): 195, w: 177 --> ip (new): 178, w: 177
next:     ip: 179, w: 8, m[w]: branch0   (depth: 3, tos: 0)
branch:   ip: 181 (destination)
next:     ip: 182, w: 4, m[w]: unnest   (depth: 2, tos: 3)
unnest:   ip = 195      (continue at restored ip)
next:     ip: 196, w: 7, m[w]: branch   (depth: 2, tos: 3)
branch:   ip: 187 (destination)
next:     ip: 188, w: 166, m[w]: doconst   (depth: 2, tos: 3)
next:     ip: 189, w: 36, m[w]: led   (depth: 3, tos: -1)
next:     ip: 190, w: 168, m[w]: doconst   (depth: 2, tos: 3)
next:     ip: 191, w: 36, m[w]: led   (depth: 3, tos: 1)
next:     ip: 192, w: 71, m[w]: nest   (depth: 2, tos: 3)
nest:     ip (old): 192, w: 71 --> ip (new): 72, w: 71
next:     ip: 73, w: 41, m[w]: doconst   (depth: 2, tos: 3)
next:     ip: 74, w: 26, m[w]: +   (depth: 3, tos: -1)
next:     ip: 75, w: 4, m[w]: unnest   (depth: 2, tos: 2)
unnest:   ip = 192      (continue at restored ip)
next:     ip: 193, w: 134, m[w]: nest   (depth: 2, tos: 2)
nest:     ip (old): 193, w: 134 --> ip (new): 135, w: 134
next:     ip: 136, w: 10, m[w]: dup   (depth: 2, tos: 2)
next:     ip: 137, w: 8, m[w]: branch0   (depth: 3, tos: 2)
next:     ip: 139, w: 10, m[w]: dup   (depth: 2, tos: 2)
next:     ip: 140, w: 4, m[w]: unnest   (depth: 3, tos: 2)
unnest:   ip = 193      (continue at restored ip)
next:     ip: 194, w: 35, m[w]: 0=   (depth: 3, tos: 2)
next:     ip: 195, w: 177, m[w]: nest   (depth: 3, tos: 0)
nest:     ip (old): 195, w: 177 --> ip (new): 178, w: 177
next:     ip: 179, w: 8, m[w]: branch0   (depth: 3, tos: 0)
branch:   ip: 181 (destination)
next:     ip: 182, w: 4, m[w]: unnest   (depth: 2, tos: 2)
unnest:   ip = 195      (continue at restored ip)
next:     ip: 196, w: 7, m[w]: branch   (depth: 2, tos: 2)
branch:   ip: 187 (destination)
next:     ip: 188, w: 166, m[w]: doconst   (depth: 2, tos: 2)
next:     ip: 189, w: 36, m[w]: led   (depth: 3, tos: -1)
next:     ip: 190, w: 168, m[w]: doconst   (depth: 2, tos: 2)
next:     ip: 191, w: 36, m[w]: led   (depth: 3, tos: 1)
next:     ip: 192, w: 71, m[w]: nest   (depth: 2, tos: 2)
nest:     ip (old): 192, w: 71 --> ip (new): 72, w: 71
next:     ip: 73, w: 41, m[w]: doconst   (depth: 2, tos: 2)
next:     ip: 74, w: 26, m[w]: +   (depth: 3, tos: -1)
next:     ip: 75, w: 4, m[w]: unnest   (depth: 2, tos: 1)
unnest:   ip = 192      (continue at restored ip)
next:     ip: 193, w: 134, m[w]: nest   (depth: 2, tos: 1)
nest:     ip (old): 193, w: 134 --> ip (new): 135, w: 134
next:     ip: 136, w: 10, m[w]: dup   (depth: 2, tos: 1)
next:     ip: 137, w: 8, m[w]: branch0   (depth: 3, tos: 1)
next:     ip: 139, w: 10, m[w]: dup   (depth: 2, tos: 1)
next:     ip: 140, w: 4, m[w]: unnest   (depth: 3, tos: 1)
unnest:   ip = 193      (continue at restored ip)
next:     ip: 194, w: 35, m[w]: 0=   (depth: 3, tos: 1)
next:     ip: 195, w: 177, m[w]: nest   (depth: 3, tos: 0)
nest:     ip (old): 195, w: 177 --> ip (new): 178, w: 177
next:     ip: 179, w: 8, m[w]: branch0   (depth: 3, tos: 0)
branch:   ip: 181 (destination)
next:     ip: 182, w: 4, m[w]: unnest   (depth: 2, tos: 1)
unnest:   ip = 195      (continue at restored ip)
next:     ip: 196, w: 7, m[w]: branch   (depth: 2, tos: 1)
branch:   ip: 187 (destination)
next:     ip: 188, w: 166, m[w]: doconst   (depth: 2, tos: 1)
next:     ip: 189, w: 36, m[w]: led   (depth: 3, tos: -1)
next:     ip: 190, w: 168, m[w]: doconst   (depth: 2, tos: 1)
next:     ip: 191, w: 36, m[w]: led   (depth: 3, tos: 1)
next:     ip: 192, w: 71, m[w]: nest   (depth: 2, tos: 1)
nest:     ip (old): 192, w: 71 --> ip (new): 72, w: 71
next:     ip: 73, w: 41, m[w]: doconst   (depth: 2, tos: 1)
next:     ip: 74, w: 26, m[w]: +   (depth: 3, tos: -1)
next:     ip: 75, w: 4, m[w]: unnest   (depth: 2, tos: 0)
unnest:   ip = 192      (continue at restored ip)
next:     ip: 193, w: 134, m[w]: nest   (depth: 2, tos: 0)
nest:     ip (old): 193, w: 134 --> ip (new): 135, w: 134
next:     ip: 136, w: 10, m[w]: dup   (depth: 2, tos: 0)
next:     ip: 137, w: 8, m[w]: branch0   (depth: 3, tos: 0)
branch:   ip: 139 (destination)
next:     ip: 140, w: 4, m[w]: unnest   (depth: 2, tos: 0)
unnest:   ip = 193      (continue at restored ip)
next:     ip: 194, w: 35, m[w]: 0=   (depth: 2, tos: 0)
next:     ip: 195, w: 177, m[w]: nest   (depth: 2, tos: -1)
nest:     ip (old): 195, w: 177 --> ip (new): 178, w: 177
next:     ip: 179, w: 8, m[w]: branch0   (depth: 2, tos: -1)
next:     ip: 181, w: 18, m[w]: rdrop   (depth: 1, tos: 123)
next:     ip: 182, w: 4, m[w]: unnest   (depth: 1, tos: 123)
unnest:   ip = 172      (continue at restored ip)
next:     ip: 173, w: 9, m[w]: literal   (depth: 1, tos: 123)
lit:      ip: 173, s[0]=123
next:     ip: 175, w: 146, m[w]: nest   (depth: 2, tos: 123)
nest:     ip (old): 175, w: 146 --> ip (new): 147, w: 146
next:     ip: 148, w: 102, m[w]: nest   (depth: 2, tos: 123)
nest:     ip (old): 148, w: 102 --> ip (new): 103, w: 102
next:     ip: 104, w: 32, m[w]: =   (depth: 2, tos: 123)
next:     ip: 105, w: 35, m[w]: 0=   (depth: 1, tos: -1)
next:     ip: 106, w: 4, m[w]: unnest   (depth: 1, tos: 0)
unnest:   ip = 148      (continue at restored ip)
next:     ip: 149, w: 30, m[w]: negate   (depth: 1, tos: 0)
next:     ip: 150, w: 144, m[w]: dovar   (depth: 1, tos: 0)
next:     ip: 151, w: 21, m[w]: +!   (depth: 2, tos: 145)
next:     ip: 152, w: 4, m[w]: unnest
unnest:   ip = 175      (continue at restored ip)
next:     ip: 176, w: 152, m[w]: nest
nest:     ip (old): 176, w: 152 --> ip (new): 153, w: 152
next:     ip: 154, w: 142, m[w]: doconst
next:     ip: 155, w: 36, m[w]: led   (depth: 1, tos: 1)
next:     ip: 156, w: 14, m[w]: depth
next:     ip: 157, w: 144, m[w]: dovar   (depth: 1, tos: 0)
next:     ip: 158, w: 19, m[w]: @   (depth: 2, tos: 145)
next:     ip: 159, w: 23, m[w]: or   (depth: 2, tos: 0)
next:     ip: 160, w: 8, m[w]: branch0   (depth: 1, tos: 0)
branch:   ip: 163 (destination)
next:     ip: 164, w: 4, m[w]: unnest
unnest:   ip = 176      (continue at restored ip)
next:     ip: 177, w: 4, m[w]: unnest
unnest:   ip = 165      (continue at restored ip)
next:     ip: 166, w: 6, m[w]: bye
bye
