init:     ip: 164  (coldstart entry point)
next:     ip: 165, w: 166, m[w]: nest
nest:     ip (old): 165, w: 166 --> ip (new): 167, w: 166
next:     ip: 168, w: 9, m[w]: literal
lit:      ip: 168, s[0]=6
next:     ip: 170, w: 9, m[w]: literal   (depth: 1, tos: 6)
lit:      ip: 170, s[0]=3
next:     ip: 172, w: 22, m[w]: and   (depth: 2, tos: 3)
next:     ip: 173, w: 9, m[w]: literal   (depth: 1, tos: 2)
lit:      ip: 173, s[0]=2
next:     ip: 175, w: 146, m[w]: nest   (depth: 2, tos: 2)
nest:     ip (old): 175, w: 146 --> ip (new): 147, w: 146
next:     ip: 148, w: 102, m[w]: nest   (depth: 2, tos: 2)
nest:     ip (old): 148, w: 102 --> ip (new): 103, w: 102
next:     ip: 104, w: 32, m[w]: =   (depth: 2, tos: 2)
next:     ip: 105, w: 35, m[w]: 0=   (depth: 1, tos: -1)
next:     ip: 106, w: 4, m[w]: unnest   (depth: 1, tos: 0)
unnest:   ip = 148      (continue at restored ip)
next:     ip: 149, w: 30, m[w]: negate   (depth: 1, tos: 0)
next:     ip: 150, w: 144, m[w]: dovar   (depth: 1, tos: 0)
next:     ip: 151, w: 21, m[w]: +!   (depth: 2, tos: 145)
next:     ip: 152, w: 4, m[w]: unnest
unnest:   ip = 175      (continue at restored ip)
next:     ip: 176, w: 9, m[w]: literal
lit:      ip: 176, s[0]=6
next:     ip: 178, w: 9, m[w]: literal   (depth: 1, tos: 6)
lit:      ip: 178, s[0]=3
next:     ip: 180, w: 23, m[w]: or   (depth: 2, tos: 3)
next:     ip: 181, w: 9, m[w]: literal   (depth: 1, tos: 7)
lit:      ip: 181, s[0]=7
next:     ip: 183, w: 146, m[w]: nest   (depth: 2, tos: 7)
nest:     ip (old): 183, w: 146 --> ip (new): 147, w: 146
next:     ip: 148, w: 102, m[w]: nest   (depth: 2, tos: 7)
nest:     ip (old): 148, w: 102 --> ip (new): 103, w: 102
next:     ip: 104, w: 32, m[w]: =   (depth: 2, tos: 7)
next:     ip: 105, w: 35, m[w]: 0=   (depth: 1, tos: -1)
next:     ip: 106, w: 4, m[w]: unnest   (depth: 1, tos: 0)
unnest:   ip = 148      (continue at restored ip)
next:     ip: 149, w: 30, m[w]: negate   (depth: 1, tos: 0)
next:     ip: 150, w: 144, m[w]: dovar   (depth: 1, tos: 0)
next:     ip: 151, w: 21, m[w]: +!   (depth: 2, tos: 145)
next:     ip: 152, w: 4, m[w]: unnest
unnest:   ip = 183      (continue at restored ip)
next:     ip: 184, w: 9, m[w]: literal
lit:      ip: 184, s[0]=6
next:     ip: 186, w: 9, m[w]: literal   (depth: 1, tos: 6)
lit:      ip: 186, s[0]=3
next:     ip: 188, w: 24, m[w]: xor   (depth: 2, tos: 3)
next:     ip: 189, w: 9, m[w]: literal   (depth: 1, tos: 5)
lit:      ip: 189, s[0]=5
next:     ip: 191, w: 146, m[w]: nest   (depth: 2, tos: 5)
nest:     ip (old): 191, w: 146 --> ip (new): 147, w: 146
next:     ip: 148, w: 102, m[w]: nest   (depth: 2, tos: 5)
nest:     ip (old): 148, w: 102 --> ip (new): 103, w: 102
next:     ip: 104, w: 32, m[w]: =   (depth: 2, tos: 5)
next:     ip: 105, w: 35, m[w]: 0=   (depth: 1, tos: -1)
next:     ip: 106, w: 4, m[w]: unnest   (depth: 1, tos: 0)
unnest:   ip = 148      (continue at restored ip)
next:     ip: 149, w: 30, m[w]: negate   (depth: 1, tos: 0)
next:     ip: 150, w: 144, m[w]: dovar   (depth: 1, tos: 0)
next:     ip: 151, w: 21, m[w]: +!   (depth: 2, tos: 145)
next:     ip: 152, w: 4, m[w]: unnest
unnest:   ip = 191      (continue at restored ip)
next:     ip: 192, w: 9, m[w]: literal
lit:      ip: 192, s[0]=255
next:     ip: 194, w: 25, m[w]: invert   (depth: 1, tos: 255)
next:     ip: 195, w: 9, m[w]: literal   (depth: 1, tos: -256)
lit:      ip: 195, s[0]=-256
next:     ip: 197, w: 146, m[w]: nest   (depth: 2, tos: -256)
nest:     ip (old): 197, w: 146 --> ip (new): 147, w: 146
next:     ip: 148, w: 102, m[w]: nest   (depth: 2, tos: -256)
nest:     ip (old): 148, w: 102 --> ip (new): 103, w: 102
next:     ip: 104, w: 32, m[w]: =   (depth: 2, tos: -256)
next:     ip: 105, w: 35, m[w]: 0=   (depth: 1, tos: -1)
next:     ip: 106, w: 4, m[w]: unnest   (depth: 1, tos: 0)
unnest:   ip = 148      (continue at restored ip)
next:     ip: 149, w: 30, m[w]: negate   (depth: 1, tos: 0)
next:     ip: 150, w: 144, m[w]: dovar   (depth: 1, tos: 0)
next:     ip: 151, w: 21, m[w]: +!   (depth: 2, tos: 145)
next:     ip: 152, w: 4, m[w]: unnest
unnest:   ip = 197      (continue at restored ip)
next:     ip: 198, w: 152, m[w]: nest
nest:     ip (old): 198, w: 152 --> ip (new): 153, w: 152
next:     ip: 154, w: 142, m[w]: doconst
next:     ip: 155, w: 36, m[w]: led   (depth: 1, tos: 1)
next:     ip: 156, w: 14, m[w]: depth
next:     ip: 157, w: 144, m[w]: dovar   (depth: 1, tos: 0)
next:     ip: 158, w: 19, m[w]: @   (depth: 2, tos: 145)
next:     ip: 159, w: 23, m[w]: or   (depth: 2, tos: 0)
next:     ip: 160, w: 8, m[w]: branch0   (depth: 1, tos: 0)
branch:   ip: 163 (destination)
next:     ip: 164, w: 4, m[w]: unnest
unnest:   ip = 198      (continue at restored ip)
next:     ip: 199, w: 4, m[w]: unnest
unnest:   ip = 165      (continue at restored ip)
next:     ip: 166, w: 6, m[w]: bye
bye
