init:     ip: 164  (coldstart entry point)
next:     ip: 165, w: 166, m[w]: nest
nest:     ip (old): 165, w: 166 --> ip (new): 167, w: 166
next:     ip: 168, w: 37, m[w]: doconst
next:     ip: 169, w: 9, m[w]: literal   (depth: 1, tos: 0)
lit:      ip: 169, s[0]=8
next:     ip: 171, w: 79, m[w]: nest   (depth: 2, tos: 8)
nest:     ip (old): 171, w: 79 --> ip (new): 80, w: 79
next:     ip: 81, w: 16, m[w]: r>   (depth: 2, tos: 8)
next:     ip: 82, w: 12, m[w]: swap   (depth: 3, tos: 171)
next:     ip: 83, w: 15, m[w]: >r   (depth: 3, tos: 8)
next:     ip: 84, w: 10, m[w]: dup   (depth: 2, tos: 171)
next:     ip: 85, w: 15, m[w]: >r   (depth: 3, tos: 171)
next:     ip: 86, w: 15, m[w]: >r   (depth: 2, tos: 171)
next:     ip: 87, w: 4, m[w]: unnest   (depth: 1, tos: 0)
unnest:   ip = 171      (continue at restored ip)
next:     ip: 172, w: 10, m[w]: dup   (depth: 1, tos: 0)
next:     ip: 173, w: 36, m[w]: led   (depth: 2, tos: 0)
next:     ip: 174, w: 9, m[w]: literal   (depth: 1, tos: 0)
lit:      ip: 174, s[0]=32
next:     ip: 176, w: 26, m[w]: +   (depth: 2, tos: 32)
next:     ip: 177, w: 87, m[w]: nest   (depth: 1, tos: 32)
nest:     ip (old): 177, w: 87 --> ip (new): 88, w: 87
next:     ip: 89, w: 16, m[w]: r>   (depth: 1, tos: 32)
next:     ip: 90, w: 16, m[w]: r>   (depth: 2, tos: 177)
next:     ip: 91, w: 16, m[w]: r>   (depth: 3, tos: 171)
next:     ip: 92, w: 71, m[w]: nest   (depth: 4, tos: 8)
nest:     ip (old): 92, w: 71 --> ip (new): 72, w: 71
next:     ip: 73, w: 41, m[w]: doconst   (depth: 4, tos: 8)
next:     ip: 74, w: 26, m[w]: +   (depth: 5, tos: -1)
next:     ip: 75, w: 4, m[w]: unnest   (depth: 4, tos: 7)
unnest:   ip = 92      (continue at restored ip)
next:     ip: 93, w: 134, m[w]: nest   (depth: 4, tos: 7)
nest:     ip (old): 93, w: 134 --> ip (new): 135, w: 134
next:     ip: 136, w: 10, m[w]: dup   (depth: 4, tos: 7)
next:     ip: 137, w: 8, m[w]: branch0   (depth: 5, tos: 7)
next:     ip: 139, w: 10, m[w]: dup   (depth: 4, tos: 7)
next:     ip: 140, w: 4, m[w]: unnest   (depth: 5, tos: 7)
unnest:   ip = 93      (continue at restored ip)
next:     ip: 94, w: 8, m[w]: branch0   (depth: 5, tos: 7)
next:     ip: 96, w: 15, m[w]: >r   (depth: 4, tos: 7)
next:     ip: 97, w: 10, m[w]: dup   (depth: 3, tos: 171)
next:     ip: 98, w: 15, m[w]: >r   (depth: 4, tos: 171)
next:     ip: 99, w: 12, m[w]: swap   (depth: 3, tos: 171)
next:     ip: 100, w: 11, m[w]: drop   (depth: 3, tos: 177)
drop:     tos: 177
next:     ip: 101, w: 15, m[w]: >r   (depth: 2, tos: 171)
next:     ip: 102, w: 4, m[w]: unnest   (depth: 1, tos: 32)
unnest:   ip = 171      (continue at restored ip)
next:     ip: 172, w: 10, m[w]: dup   (depth: 1, tos: 32)
next:     ip: 173, w: 36, m[w]: led   (depth: 2, tos: 32)
next:     ip: 174, w: 9, m[w]: literal   (depth: 1, tos: 32)
lit:      ip: 174, s[0]=32
next:     ip: 176, w: 26, m[w]: +   (depth: 2, tos: 32)
next:     ip: 177, w: 87, m[w]: nest   (depth: 1, tos: 64)
nest:     ip (old): 177, w: 87 --> ip (new): 88, w: 87
next:     ip: 89, w: 16, m[w]: r>   (depth: 1, tos: 64)
next:     ip: 90, w: 16, m[w]: r>   (depth: 2, tos: 177)
next:     ip: 91, w: 16, m[w]: r>   (depth: 3, tos: 171)
next:     ip: 92, w: 71, m[w]: nest   (depth: 4, tos: 7)
nest:     ip (old): 92, w: 71 --> ip (new): 72, w: 71
next:     ip: 73, w: 41, m[w]: doconst   (depth: 4, tos: 7)
next:     ip: 74, w: 26, m[w]: +   (depth: 5, tos: -1)
next:     ip: 75, w: 4, m[w]: unnest   (depth: 4, tos: 6)
unnest:   ip = 92      (continue at restored ip)
next:     ip: 93, w: 134, m[w]: nest   (depth: 4, tos: 6)
nest:     ip (old): 93, w: 134 --> ip (new): 135, w: 134
next:     ip: 136, w: 10, m[w]: dup   (depth: 4, tos: 6)
next:     ip: 137, w: 8, m[w]: branch0   (depth: 5, tos: 6)
next:     ip: 139, w: 10, m[w]: dup   (depth: 4, tos: 6)
next:     ip: 140, w: 4, m[w]: unnest   (depth: 5, tos: 6)
unnest:   ip = 93      (continue at restored ip)
next:     ip: 94, w: 8, m[w]: branch0   (depth: 5, tos: 6)
next:     ip: 96, w: 15, m[w]: >r   (depth: 4, tos: 6)
next:     ip: 97, w: 10, m[w]: dup   (depth: 3, tos: 171)
next:     ip: 98, w: 15, m[w]: >r   (depth: 4, tos: 171)
next:     ip: 99, w: 12, m[w]: swap   (depth: 3, tos: 171)
next:     ip: 100, w: 11, m[w]: drop   (depth: 3, tos: 177)
drop:     tos: 177
next:     ip: 101, w: 15, m[w]: >r   (depth: 2, tos: 171)
next:     ip: 102, w: 4, m[w]: unnest   (depth: 1, tos: 64)
unnest:   ip = 171      (continue at restored ip)
next:     ip: 172, w: 10, m[w]: dup   (depth: 1, tos: 64)
next:     ip: 173, w: 36, m[w]: led   (depth: 2, tos: 64)
next:     ip: 174, w: 9, m[w]: literal   (depth: 1, tos: 64)
lit:      ip: 174, s[0]=32
next:     ip: 176, w: 26, m[w]: +   (depth: 2, tos: 32)
next:     ip: 177, w: 87, m[w]: nest   (depth: 1, tos: 96)
nest:     ip (old): 177, w: 87 --> ip (new): 88, w: 87
next:     ip: 89, w: 16, m[w]: r>   (depth: 1, tos: 96)
next:     ip: 90, w: 16, m[w]: r>   (depth: 2, tos: 177)
next:     ip: 91, w: 16, m[w]: r>   (depth: 3, tos: 171)
next:     ip: 92, w: 71, m[w]: nest   (depth: 4, tos: 6)
nest:     ip (old): 92, w: 71 --> ip (new): 72, w: 71
next:     ip: 73, w: 41, m[w]: doconst   (depth: 4, tos: 6)
next:     ip: 74, w: 26, m[w]: +   (depth: 5, tos: -1)
next:     ip: 75, w: 4, m[w]: unnest   (depth: 4, tos: 5)
unnest:   ip = 92      (continue at restored ip)
next:     ip: 93, w: 134, m[w]: nest   (depth: 4, tos: 5)
nest:     ip (old): 93, w: 134 --> ip (new): 135, w: 134
next:     ip: 136, w: 10, m[w]: dup   (depth: 4, tos: 5)
next:     ip: 137, w: 8, m[w]: branch0   (depth: 5, tos: 5)
next:     ip: 139, w: 10, m[w]: dup   (depth: 4, tos: 5)
next:     ip: 140, w: 4, m[w]: unnest   (depth: 5, tos: 5)
unnest:   ip = 93      (continue at restored ip)
next:     ip: 94, w: 8, m[w]: branch0   (depth: 5, tos: 5)
next:     ip: 96, w: 15, m[w]: >r   (depth: 4, tos: 5)
next:     ip: 97, w: 10, m[w]: dup   (depth: 3, tos: 171)
next:     ip: 98, w: 15, m[w]: >r   (depth: 4, tos: 171)
next:     ip: 99, w: 12, m[w]: swap   (depth: 3, tos: 171)
next:     ip: 100, w: 11, m[w]: drop   (depth: 3, tos: 177)
drop:     tos: 177
next:     ip: 101, w: 15, m[w]: >r   (depth: 2, tos: 171)
next:     ip: 102, w: 4, m[w]: unnest   (depth: 1, tos: 96)
unnest:   ip = 171      (continue at restored ip)
next:     ip: 172, w: 10, m[w]: dup   (depth: 1, tos: 96)
next:     ip: 173, w: 36, m[w]: led   (depth: 2, tos: 96)
next:     ip: 174, w: 9, m[w]: literal   (depth: 1, tos: 96)
lit:      ip: 174, s[0]=32
next:     ip: 176, w: 26, m[w]: +   (depth: 2, tos: 32)
next:     ip: 177, w: 87, m[w]: nest   (depth: 1, tos: 128)
nest:     ip (old): 177, w: 87 --> ip (new): 88, w: 87
next:     ip: 89, w: 16, m[w]: r>   (depth: 1, tos: 128)
next:     ip: 90, w: 16, m[w]: r>   (depth: 2, tos: 177)
next:     ip: 91, w: 16, m[w]: r>   (depth: 3, tos: 171)
next:     ip: 92, w: 71, m[w]: nest   (depth: 4, tos: 5)
nest:     ip (old): 92, w: 71 --> ip (new): 72, w: 71
next:     ip: 73, w: 41, m[w]: doconst   (depth: 4, tos: 5)
next:     ip: 74, w: 26, m[w]: +   (depth: 5, tos: -1)
next:     ip: 75, w: 4, m[w]: unnest   (depth: 4, tos: 4)
unnest:   ip = 92      (continue at restored ip)
next:     ip: 93, w: 134, m[w]: nest   (depth: 4, tos: 4)
nest:     ip (old): 93, w: 134 --> ip (new): 135, w: 134
next:     ip: 136, w: 10, m[w]: dup   (depth: 4, tos: 4)
next:     ip: 137, w: 8, m[w]: branch0   (depth: 5, tos: 4)
next:     ip: 139, w: 10, m[w]: dup   (depth: 4, tos: 4)
next:     ip: 140, w: 4, m[w]: unnest   (depth: 5, tos: 4)
unnest:   ip = 93      (continue at restored ip)
next:     ip: 94, w: 8, m[w]: branch0   (depth: 5, tos: 4)
next:     ip: 96, w: 15, m[w]: >r   (depth: 4, tos: 4)
next:     ip: 97, w: 10, m[w]: dup   (depth: 3, tos: 171)
next:     ip: 98, w: 15, m[w]: >r   (depth: 4, tos: 171)
next:     ip: 99, w: 12, m[w]: swap   (depth: 3, tos: 171)
next:     ip: 100, w: 11, m[w]: drop   (depth: 3, tos: 177)
drop:     tos: 177
next:     ip: 101, w: 15, m[w]: >r   (depth: 2, tos: 171)
next:     ip: 102, w: 4, m[w]: unnest   (depth: 1, tos: 128)
unnest:   ip = 171      (continue at restored ip)
next:     ip: 172, w: 10, m[w]: dup   (depth: 1, tos: 128)
next:     ip: 173, w: 36, m[w]: led   (depth: 2, tos: 128)
next:     ip: 174, w: 9, m[w]: literal   (depth: 1, tos: 128)
lit:      ip: 174, s[0]=32
next:     ip: 176, w: 26, m[w]: +   (depth: 2, tos: 32)
next:     ip: 177, w: 87, m[w]: nest   (depth: 1, tos: 160)
nest:     ip (old): 177, w: 87 --> ip (new): 88, w: 87
next:     ip: 89, w: 16, m[w]: r>   (depth: 1, tos: 160)
next:     ip: 90, w: 16, m[w]: r>   (depth: 2, tos: 177)
next:     ip: 91, w: 16, m[w]: r>   (depth: 3, tos: 171)
next:     ip: 92, w: 71, m[w]: nest   (depth: 4, tos: 4)
nest:     ip (old): 92, w: 71 --> ip (new): 72, w: 71
next:     ip: 73, w: 41, m[w]: doconst   (depth: 4, tos: 4)
next:     ip: 74, w: 26, m[w]: +   (depth: 5, tos: -1)
next:     ip: 75, w: 4, m[w]: unnest   (depth: 4, tos: 3)
unnest:   ip = 92      (continue at restored ip)
next:     ip: 93, w: 134, m[w]: nest   (depth: 4, tos: 3)
nest:     ip (old): 93, w: 134 --> ip (new): 135, w: 134
next:     ip: 136, w: 10, m[w]: dup   (depth: 4, tos: 3)
next:     ip: 137, w: 8, m[w]: branch0   (depth: 5, tos: 3)
next:     ip: 139, w: 10, m[w]: dup   (depth: 4, tos: 3)
next:     ip: 140, w: 4, m[w]: unnest   (depth: 5, tos: 3)
unnest:   ip = 93      (continue at restored ip)
next:     ip: 94, w: 8, m[w]: branch0   (depth: 5, tos: 3)
next:     ip: 96, w: 15, m[w]: >r   (depth: 4, tos: 3)
next:     ip: 97, w: 10, m[w]: dup   (depth: 3, tos: 171)
next:     ip: 98, w: 15, m[w]: >r   (depth: 4, tos: 171)
next:     ip: 99, w: 12, m[w]: swap   (depth: 3, tos: 171)
next:     ip: 100, w: 11, m[w]: drop   (depth: 3, tos: 177)
drop:     tos: 177
next:     ip: 101, w: 15, m[w]: >r   (depth: 2, tos: 171)
next:     ip: 102, w: 4, m[w]: unnest   (depth: 1, tos: 160)
unnest:   ip = 171      (continue at restored ip)
next:     ip: 172, w: 10, m[w]: dup   (depth: 1, tos: 160)
next:     ip: 173, w: 36, m[w]: led   (depth: 2, tos: 160)
next:     ip: 174, w: 9, m[w]: literal   (depth: 1, tos: 160)
lit:      ip: 174, s[0]=32
next:     ip: 176, w: 26, m[w]: +   (depth: 2, tos: 32)
next:     ip: 177, w: 87, m[w]: nest   (depth: 1, tos: 192)
nest:     ip (old): 177, w: 87 --> ip (new): 88, w: 87
next:     ip: 89, w: 16, m[w]: r>   (depth: 1, tos: 192)
next:     ip: 90, w: 16, m[w]: r>   (depth: 2, tos: 177)
next:     ip: 91, w: 16, m[w]: r>   (depth: 3, tos: 171)
next:     ip: 92, w: 71, m[w]: nest   (depth: 4, tos: 3)
nest:     ip (old): 92, w: 71 --> ip (new): 72, w: 71
next:     ip: 73, w: 41, m[w]: doconst   (depth: 4, tos: 3)
next:     ip: 74, w: 26, m[w]: +   (depth: 5, tos: -1)
next:     ip: 75, w: 4, m[w]: unnest   (depth: 4, tos: 2)
unnest:   ip = 92      (continue at restored ip)
next:     ip: 93, w: 134, m[w]: nest   (depth: 4, tos: 2)
nest:     ip (old): 93, w: 134 --> ip (new): 135, w: 134
next:     ip: 136, w: 10, m[w]: dup   (depth: 4, tos: 2)
next:     ip: 137, w: 8, m[w]: branch0   (depth: 5, tos: 2)
next:     ip: 139, w: 10, m[w]: dup   (depth: 4, tos: 2)
next:     ip: 140, w: 4, m[w]: unnest   (depth: 5, tos: 2)
unnest:   ip = 93      (continue at restored ip)
next:     ip: 94, w: 8, m[w]: branch0   (depth: 5, tos: 2)
next:     ip: 96, w: 15, m[w]: >r   (depth: 4, tos: 2)
next:     ip: 97, w: 10, m[w]: dup   (depth: 3, tos: 171)
next:     ip: 98, w: 15, m[w]: >r   (depth: 4, tos: 171)
next:     ip: 99, w: 12, m[w]: swap   (depth: 3, tos: 171)
next:     ip: 100, w: 11, m[w]: drop   (depth: 3, tos: 177)
drop:     tos: 177
next:     ip: 101, w: 15, m[w]: >r   (depth: 2, tos: 171)
next:     ip: 102, w: 4, m[w]: unnest   (depth: 1, tos: 192)
unnest:   ip = 171      (continue at restored ip)
next:     ip: 172, w: 10, m[w]: dup   (depth: 1, tos: 192)
next:     ip: 173, w: 36, m[w]: led   (depth: 2, tos: 192)
next:     ip: 174, w: 9, m[w]: literal   (depth: 1, tos: 192)
lit:      ip: 174, s[0]=32
next:     ip: 176, w: 26, m[w]: +   (depth: 2, tos: 32)
next:     ip: 177, w: 87, m[w]: nest   (depth: 1, tos: 224)
nest:     ip (old): 177, w: 87 --> ip (new): 88, w: 87
next:     ip: 89, w: 16, m[w]: r>   (depth: 1, tos: 224)
next:     ip: 90, w: 16, m[w]: r>   (depth: 2, tos: 177)
next:     ip: 91, w: 16, m[w]: r>   (depth: 3, tos: 171)
next:     ip: 92, w: 71, m[w]: nest   (depth: 4, tos: 2)
nest:     ip (old): 92, w: 71 --> ip (new): 72, w: 71
next:     ip: 73, w: 41, m[w]: doconst   (depth: 4, tos: 2)
next:     ip: 74, w: 26, m[w]: +   (depth: 5, tos: -1)
next:     ip: 75, w: 4, m[w]: unnest   (depth: 4, tos: 1)
unnest:   ip = 92      (continue at restored ip)
next:     ip: 93, w: 134, m[w]: nest   (depth: 4, tos: 1)
nest:     ip (old): 93, w: 134 --> ip (new): 135, w: 134
next:     ip: 136, w: 10, m[w]: dup   (depth: 4, tos: 1)
next:     ip: 137, w: 8, m[w]: branch0   (depth: 5, tos: 1)
next:     ip: 139, w: 10, m[w]: dup   (depth: 4, tos: 1)
next:     ip: 140, w: 4, m[w]: unnest   (depth: 5, tos: 1)
unnest:   ip = 93      (continue at restored ip)
next:     ip: 94, w: 8, m[w]: branch0   (depth: 5, tos: 1)
next:     ip: 96, w: 15, m[w]: >r   (depth: 4, tos: 1)
next:     ip: 97, w: 10, m[w]: dup   (depth: 3, tos: 171)
next:     ip: 98, w: 15, m[w]: >r   (depth: 4, tos: 171)
next:     ip: 99, w: 12, m[w]: swap   (depth: 3, tos: 171)
next:     ip: 100, w: 11, m[w]: drop   (depth: 3, tos: 177)
drop:     tos: 177
next:     ip: 101, w: 15, m[w]: >r   (depth: 2, tos: 171)
next:     ip: 102, w: 4, m[w]: unnest   (depth: 1, tos: 224)
unnest:   ip = 171      (continue at restored ip)
next:     ip: 172, w: 10, m[w]: dup   (depth: 1, tos: 224)
next:     ip: 173, w: 36, m[w]: led   (depth: 2, tos: 224)
next:     ip: 174, w: 9, m[w]: literal   (depth: 1, tos: 224)
lit:      ip: 174, s[0]=32
next:     ip: 176, w: 26, m[w]: +   (depth: 2, tos: 32)
next:     ip: 177, w: 87, m[w]: nest   (depth: 1, tos: 256)
nest:     ip (old): 177, w: 87 --> ip (new): 88, w: 87
next:     ip: 89, w: 16, m[w]: r>   (depth: 1, tos: 256)
next:     ip: 90, w: 16, m[w]: r>   (depth: 2, tos: 177)
next:     ip: 91, w: 16, m[w]: r>   (depth: 3, tos: 171)
next:     ip: 92, w: 71, m[w]: nest   (depth: 4, tos: 1)
nest:     ip (old): 92, w: 71 --> ip (new): 72, w: 71
next:     ip: 73, w: 41, m[w]: doconst   (depth: 4, tos: 1)
next:     ip: 74, w: 26, m[w]: +   (depth: 5, tos: -1)
next:     ip: 75, w: 4, m[w]: unnest   (depth: 4, tos: 0)
unnest:   ip = 92      (continue at restored ip)
next:     ip: 93, w: 134, m[w]: nest   (depth: 4, tos: 0)
nest:     ip (old): 93, w: 134 --> ip (new): 135, w: 134
next:     ip: 136, w: 10, m[w]: dup   (depth: 4, tos: 0)
next:     ip: 137, w: 8, m[w]: branch0   (depth: 5, tos: 0)
branch:   ip: 139 (destination)
next:     ip: 140, w: 4, m[w]: unnest   (depth: 4, tos: 0)
unnest:   ip = 93      (continue at restored ip)
next:     ip: 94, w: 8, m[w]: branch0   (depth: 4, tos: 0)
branch:   ip: 99 (destination)
next:     ip: 100, w: 11, m[w]: drop   (depth: 3, tos: 171)
drop:     tos: 171
next:     ip: 101, w: 15, m[w]: >r   (depth: 2, tos: 177)
next:     ip: 102, w: 4, m[w]: unnest   (depth: 1, tos: 256)
unnest:   ip = 177      (continue at restored ip)
next:     ip: 178, w: 9, m[w]: literal   (depth: 1, tos: 256)
lit:      ip: 178, s[0]=256
next:     ip: 180, w: 146, m[w]: nest   (depth: 2, tos: 256)
nest:     ip (old): 180, w: 146 --> ip (new): 147, w: 146
next:     ip: 148, w: 102, m[w]: nest   (depth: 2, tos: 256)
nest:     ip (old): 148, w: 102 --> ip (new): 103, w: 102
next:     ip: 104, w: 32, m[w]: =   (depth: 2, tos: 256)
next:     ip: 105, w: 35, m[w]: 0=   (depth: 1, tos: -1)
next:     ip: 106, w: 4, m[w]: unnest   (depth: 1, tos: 0)
unnest:   ip = 148      (continue at restored ip)
next:     ip: 149, w: 30, m[w]: negate   (depth: 1, tos: 0)
next:     ip: 150, w: 144, m[w]: dovar   (depth: 1, tos: 0)
next:     ip: 151, w: 21, m[w]: +!   (depth: 2, tos: 145)
next:     ip: 152, w: 4, m[w]: unnest
unnest:   ip = 180      (continue at restored ip)
next:     ip: 181, w: 152, m[w]: nest
nest:     ip (old): 181, w: 152 --> ip (new): 153, w: 152
next:     ip: 154, w: 142, m[w]: doconst
next:     ip: 155, w: 36, m[w]: led   (depth: 1, tos: 1)
next:     ip: 156, w: 14, m[w]: depth
next:     ip: 157, w: 144, m[w]: dovar   (depth: 1, tos: 0)
next:     ip: 158, w: 19, m[w]: @   (depth: 2, tos: 145)
next:     ip: 159, w: 23, m[w]: or   (depth: 2, tos: 0)
next:     ip: 160, w: 8, m[w]: branch0   (depth: 1, tos: 0)
branch:   ip: 163 (destination)
next:     ip: 164, w: 4, m[w]: unnest
unnest:   ip = 181      (continue at restored ip)
next:     ip: 182, w: 4, m[w]: unnest
unnest:   ip = 165      (continue at restored ip)
next:     ip: 166, w: 6, m[w]: bye
bye
