init:     ip: 164  (coldstart entry point)
next:     ip: 165, w: 166, m[w]: nest
nest:     ip (old): 165, w: 166 --> ip (new): 167, w: 166
next:     ip: 168, w: 9, m[w]: literal
lit:      ip: 168, s[0]=5
next:     ip: 170, w: 9, m[w]: literal   (depth: 1, tos: 5)
lit:      ip: 170, s[0]=10
next:     ip: 172, w: 34, m[w]: <   (depth: 2, tos: 10)
next:     ip: 173, w: 41, m[w]: doconst   (depth: 1, tos: -1)
next:     ip: 174, w: 146, m[w]: nest   (depth: 2, tos: -1)
nest:     ip (old): 174, w: 146 --> ip (new): 147, w: 146
next:     ip: 148, w: 102, m[w]: nest   (depth: 2, tos: -1)
nest:     ip (old): 148, w: 102 --> ip (new): 103, w: 102
next:     ip: 104, w: 32, m[w]: =   (depth: 2, tos: -1)
next:     ip: 105, w: 35, m[w]: 0=   (depth: 1, tos: -1)
next:     ip: 106, w: 4, m[w]: unnest   (depth: 1, tos: 0)
unnest:   ip = 148      (continue at restored ip)
next:     ip: 149, w: 30, m[w]: negate   (depth: 1, tos: 0)
next:     ip: 150, w: 144, m[w]: dovar   (depth: 1, tos: 0)
next:     ip: 151, w: 21, m[w]: +!   (depth: 2, tos: 145)
next:     ip: 152, w: 4, m[w]: unnest
unnest:   ip = 174      (continue at restored ip)
next:     ip: 175, w: 9, m[w]: literal
lit:      ip: 175, s[0]=100
next:     ip: 177, w: 9, m[w]: literal   (depth: 1, tos: 100)
lit:      ip: 177, s[0]=60
next:     ip: 179, w: 34, m[w]: <   (depth: 2, tos: 60)
next:     ip: 180, w: 37, m[w]: doconst   (depth: 1, tos: 0)
next:     ip: 181, w: 146, m[w]: nest   (depth: 2, tos: 0)
nest:     ip (old): 181, w: 146 --> ip (new): 147, w: 146
next:     ip: 148, w: 102, m[w]: nest   (depth: 2, tos: 0)
nest:     ip (old): 148, w: 102 --> ip (new): 103, w: 102
next:     ip: 104, w: 32, m[w]: =   (depth: 2, tos: 0)
next:     ip: 105, w: 35, m[w]: 0=   (depth: 1, tos: -1)
next:     ip: 106, w: 4, m[w]: unnest   (depth: 1, tos: 0)
unnest:   ip = 148      (continue at restored ip)
next:     ip: 149, w: 30, m[w]: negate   (depth: 1, tos: 0)
next:     ip: 150, w: 144, m[w]: dovar   (depth: 1, tos: 0)
next:     ip: 151, w: 21, m[w]: +!   (depth: 2, tos: 145)
next:     ip: 152, w: 4, m[w]: unnest
unnest:   ip = 181      (continue at restored ip)
next:     ip: 182, w: 9, m[w]: literal
lit:      ip: 182, s[0]=5
next:     ip: 184, w: 9, m[w]: literal   (depth: 1, tos: 5)
lit:      ip: 184, s[0]=-5
next:     ip: 186, w: 34, m[w]: <   (depth: 2, tos: -5)
next:     ip: 187, w: 37, m[w]: doconst   (depth: 1, tos: 0)
next:     ip: 188, w: 146, m[w]: nest   (depth: 2, tos: 0)
nest:     ip (old): 188, w: 146 --> ip (new): 147, w: 146
next:     ip: 148, w: 102, m[w]: nest   (depth: 2, tos: 0)
nest:     ip (old): 148, w: 102 --> ip (new): 103, w: 102
next:     ip: 104, w: 32, m[w]: =   (depth: 2, tos: 0)
next:     ip: 105, w: 35, m[w]: 0=   (depth: 1, tos: -1)
next:     ip: 106, w: 4, m[w]: unnest   (depth: 1, tos: 0)
unnest:   ip = 148      (continue at restored ip)
next:     ip: 149, w: 30, m[w]: negate   (depth: 1, tos: 0)
next:     ip: 150, w: 144, m[w]: dovar   (depth: 1, tos: 0)
next:     ip: 151, w: 21, m[w]: +!   (depth: 2, tos: 145)
next:     ip: 152, w: 4, m[w]: unnest
unnest:   ip = 188      (continue at restored ip)
next:     ip: 189, w: 9, m[w]: literal
lit:      ip: 189, s[0]=-10
next:     ip: 191, w: 9, m[w]: literal   (depth: 1, tos: -10)
lit:      ip: 191, s[0]=5
next:     ip: 193, w: 34, m[w]: <   (depth: 2, tos: 5)
next:     ip: 194, w: 41, m[w]: doconst   (depth: 1, tos: -1)
next:     ip: 195, w: 146, m[w]: nest   (depth: 2, tos: -1)
nest:     ip (old): 195, w: 146 --> ip (new): 147, w: 146
next:     ip: 148, w: 102, m[w]: nest   (depth: 2, tos: -1)
nest:     ip (old): 148, w: 102 --> ip (new): 103, w: 102
next:     ip: 104, w: 32, m[w]: =   (depth: 2, tos: -1)
next:     ip: 105, w: 35, m[w]: 0=   (depth: 1, tos: -1)
next:     ip: 106, w: 4, m[w]: unnest   (depth: 1, tos: 0)
unnest:   ip = 148      (continue at restored ip)
next:     ip: 149, w: 30, m[w]: negate   (depth: 1, tos: 0)
next:     ip: 150, w: 144, m[w]: dovar   (depth: 1, tos: 0)
next:     ip: 151, w: 21, m[w]: +!   (depth: 2, tos: 145)
next:     ip: 152, w: 4, m[w]: unnest
unnest:   ip = 195      (continue at restored ip)
next:     ip: 196, w: 9, m[w]: literal
lit:      ip: 196, s[0]=-20
next:     ip: 198, w: 9, m[w]: literal   (depth: 1, tos: -20)
lit:      ip: 198, s[0]=-10
next:     ip: 200, w: 34, m[w]: <   (depth: 2, tos: -10)
next:     ip: 201, w: 41, m[w]: doconst   (depth: 1, tos: -1)
next:     ip: 202, w: 146, m[w]: nest   (depth: 2, tos: -1)
nest:     ip (old): 202, w: 146 --> ip (new): 147, w: 146
next:     ip: 148, w: 102, m[w]: nest   (depth: 2, tos: -1)
nest:     ip (old): 148, w: 102 --> ip (new): 103, w: 102
next:     ip: 104, w: 32, m[w]: =   (depth: 2, tos: -1)
next:     ip: 105, w: 35, m[w]: 0=   (depth: 1, tos: -1)
next:     ip: 106, w: 4, m[w]: unnest   (depth: 1, tos: 0)
unnest:   ip = 148      (continue at restored ip)
next:     ip: 149, w: 30, m[w]: negate   (depth: 1, tos: 0)
next:     ip: 150, w: 144, m[w]: dovar   (depth: 1, tos: 0)
next:     ip: 151, w: 21, m[w]: +!   (depth: 2, tos: 145)
next:     ip: 152, w: 4, m[w]: unnest
unnest:   ip = 202      (continue at restored ip)
next:     ip: 203, w: 9, m[w]: literal
lit:      ip: 203, s[0]=-50
next:     ip: 205, w: 9, m[w]: literal   (depth: 1, tos: -50)
lit:      ip: 205, s[0]=-80
next:     ip: 207, w: 34, m[w]: <   (depth: 2, tos: -80)
next:     ip: 208, w: 37, m[w]: doconst   (depth: 1, tos: 0)
next:     ip: 209, w: 146, m[w]: nest   (depth: 2, tos: 0)
nest:     ip (old): 209, w: 146 --> ip (new): 147, w: 146
next:     ip: 148, w: 102, m[w]: nest   (depth: 2, tos: 0)
nest:     ip (old): 148, w: 102 --> ip (new): 103, w: 102
next:     ip: 104, w: 32, m[w]: =   (depth: 2, tos: 0)
next:     ip: 105, w: 35, m[w]: 0=   (depth: 1, tos: -1)
next:     ip: 106, w: 4, m[w]: unnest   (depth: 1, tos: 0)
unnest:   ip = 148      (continue at restored ip)
next:     ip: 149, w: 30, m[w]: negate   (depth: 1, tos: 0)
next:     ip: 150, w: 144, m[w]: dovar   (depth: 1, tos: 0)
next:     ip: 151, w: 21, m[w]: +!   (depth: 2, tos: 145)
next:     ip: 152, w: 4, m[w]: unnest
unnest:   ip = 209      (continue at restored ip)
next:     ip: 210, w: 41, m[w]: doconst
next:     ip: 211, w: 37, m[w]: doconst   (depth: 1, tos: -1)
next:     ip: 212, w: 34, m[w]: <   (depth: 2, tos: 0)
next:     ip: 213, w: 41, m[w]: doconst   (depth: 1, tos: -1)
next:     ip: 214, w: 146, m[w]: nest   (depth: 2, tos: -1)
nest:     ip (old): 214, w: 146 --> ip (new): 147, w: 146
next:     ip: 148, w: 102, m[w]: nest   (depth: 2, tos: -1)
nest:     ip (old): 148, w: 102 --> ip (new): 103, w: 102
next:     ip: 104, w: 32, m[w]: =   (depth: 2, tos: -1)
next:     ip: 105, w: 35, m[w]: 0=   (depth: 1, tos: -1)
next:     ip: 106, w: 4, m[w]: unnest   (depth: 1, tos: 0)
unnest:   ip = 148      (continue at restored ip)
next:     ip: 149, w: 30, m[w]: negate   (depth: 1, tos: 0)
next:     ip: 150, w: 144, m[w]: dovar   (depth: 1, tos: 0)
next:     ip: 151, w: 21, m[w]: +!   (depth: 2, tos: 145)
next:     ip: 152, w: 4, m[w]: unnest
unnest:   ip = 214      (continue at restored ip)
next:     ip: 215, w: 37, m[w]: doconst
next:     ip: 216, w: 37, m[w]: doconst   (depth: 1, tos: 0)
next:     ip: 217, w: 34, m[w]: <   (depth: 2, tos: 0)
next:     ip: 218, w: 37, m[w]: doconst   (depth: 1, tos: 0)
next:     ip: 219, w: 146, m[w]: nest   (depth: 2, tos: 0)
nest:     ip (old): 219, w: 146 --> ip (new): 147, w: 146
next:     ip: 148, w: 102, m[w]: nest   (depth: 2, tos: 0)
nest:     ip (old): 148, w: 102 --> ip (new): 103, w: 102
next:     ip: 104, w: 32, m[w]: =   (depth: 2, tos: 0)
next:     ip: 105, w: 35, m[w]: 0=   (depth: 1, tos: -1)
next:     ip: 106, w: 4, m[w]: unnest   (depth: 1, tos: 0)
unnest:   ip = 148      (continue at restored ip)
next:     ip: 149, w: 30, m[w]: negate   (depth: 1, tos: 0)
next:     ip: 150, w: 144, m[w]: dovar   (depth: 1, tos: 0)
next:     ip: 151, w: 21, m[w]: +!   (depth: 2, tos: 145)
next:     ip: 152, w: 4, m[w]: unnest
unnest:   ip = 219      (continue at restored ip)
next:     ip: 220, w: 39, m[w]: doconst
next:     ip: 221, w: 37, m[w]: doconst   (depth: 1, tos: 1)
next:     ip: 222, w: 34, m[w]: <   (depth: 2, tos: 0)
next:     ip: 223, w: 37, m[w]: doconst   (depth: 1, tos: 0)
next:     ip: 224, w: 146, m[w]: nest   (depth: 2, tos: 0)
nest:     ip (old): 224, w: 146 --> ip (new): 147, w: 146
next:     ip: 148, w: 102, m[w]: nest   (depth: 2, tos: 0)
nest:     ip (old): 148, w: 102 --> ip (new): 103, w: 102
next:     ip: 104, w: 32, m[w]: =   (depth: 2, tos: 0)
next:     ip: 105, w: 35, m[w]: 0=   (depth: 1, tos: -1)
next:     ip: 106, w: 4, m[w]: unnest   (depth: 1, tos: 0)
unnest:   ip = 148      (continue at restored ip)
next:     ip: 149, w: 30, m[w]: negate   (depth: 1, tos: 0)
next:     ip: 150, w: 144, m[w]: dovar   (depth: 1, tos: 0)
next:     ip: 151, w: 21, m[w]: +!   (depth: 2, tos: 145)
next:     ip: 152, w: 4, m[w]: unnest
unnest:   ip = 224      (continue at restored ip)
next:     ip: 225, w: 152, m[w]: nest
nest:     ip (old): 225, w: 152 --> ip (new): 153, w: 152
next:     ip: 154, w: 142, m[w]: doconst
next:     ip: 155, w: 36, m[w]: led   (depth: 1, tos: 1)
next:     ip: 156, w: 14, m[w]: depth
next:     ip: 157, w: 144, m[w]: dovar   (depth: 1, tos: 0)
next:     ip: 158, w: 19, m[w]: @   (depth: 2, tos: 145)
next:     ip: 159, w: 23, m[w]: or   (depth: 2, tos: 0)
next:     ip: 160, w: 8, m[w]: branch0   (depth: 1, tos: 0)
branch:   ip: 163 (destination)
next:     ip: 164, w: 4, m[w]: unnest
unnest:   ip = 225      (continue at restored ip)
next:     ip: 226, w: 4, m[w]: unnest
unnest:   ip = 165      (continue at restored ip)
next:     ip: 166, w: 6, m[w]: bye
bye
