init:     ip: 164  (coldstart entry point)
next:     ip: 165, w: 166, m[w]: nest
nest:     ip (old): 165, w: 166 --> ip (new): 167, w: 166
next:     ip: 168, w: 9, m[w]: literal
lit:      ip: 168, s[0]=6
next:     ip: 170, w: 9, m[w]: literal   (depth: 1, tos: 6)
lit:      ip: 170, s[0]=2
next:     ip: 172, w: 55, m[w]: nest   (depth: 2, tos: 2)
nest:     ip (old): 172, w: 55 --> ip (new): 56, w: 55
next:     ip: 57, w: 13, m[w]: over   (depth: 2, tos: 2)
next:     ip: 58, w: 13, m[w]: over   (depth: 3, tos: 6)
next:     ip: 59, w: 4, m[w]: unnest   (depth: 4, tos: 2)
unnest:   ip = 172      (continue at restored ip)
next:     ip: 173, w: 26, m[w]: +   (depth: 4, tos: 2)
next:     ip: 174, w: 9, m[w]: literal   (depth: 3, tos: 8)
lit:      ip: 174, s[0]=8
next:     ip: 176, w: 146, m[w]: nest   (depth: 4, tos: 8)
nest:     ip (old): 176, w: 146 --> ip (new): 147, w: 146
next:     ip: 148, w: 102, m[w]: nest   (depth: 4, tos: 8)
nest:     ip (old): 148, w: 102 --> ip (new): 103, w: 102
next:     ip: 104, w: 32, m[w]: =   (depth: 4, tos: 8)
next:     ip: 105, w: 35, m[w]: 0=   (depth: 3, tos: -1)
next:     ip: 106, w: 4, m[w]: unnest   (depth: 3, tos: 0)
unnest:   ip = 148      (continue at restored ip)
next:     ip: 149, w: 30, m[w]: negate   (depth: 3, tos: 0)
next:     ip: 150, w: 144, m[w]: dovar   (depth: 3, tos: 0)
next:     ip: 151, w: 21, m[w]: +!   (depth: 4, tos: 145)
next:     ip: 152, w: 4, m[w]: unnest   (depth: 2, tos: 2)
unnest:   ip = 176      (continue at restored ip)
next:     ip: 177, w: 55, m[w]: nest   (depth: 2, tos: 2)
nest:     ip (old): 177, w: 55 --> ip (new): 56, w: 55
next:     ip: 57, w: 13, m[w]: over   (depth: 2, tos: 2)
next:     ip: 58, w: 13, m[w]: over   (depth: 3, tos: 6)
next:     ip: 59, w: 4, m[w]: unnest   (depth: 4, tos: 2)
unnest:   ip = 177      (continue at restored ip)
next:     ip: 178, w: 27, m[w]: -   (depth: 4, tos: 2)
next:     ip: 179, w: 9, m[w]: literal   (depth: 3, tos: 4)
lit:      ip: 179, s[0]=4
next:     ip: 181, w: 146, m[w]: nest   (depth: 4, tos: 4)
nest:     ip (old): 181, w: 146 --> ip (new): 147, w: 146
next:     ip: 148, w: 102, m[w]: nest   (depth: 4, tos: 4)
nest:     ip (old): 148, w: 102 --> ip (new): 103, w: 102
next:     ip: 104, w: 32, m[w]: =   (depth: 4, tos: 4)
next:     ip: 105, w: 35, m[w]: 0=   (depth: 3, tos: -1)
next:     ip: 106, w: 4, m[w]: unnest   (depth: 3, tos: 0)
unnest:   ip = 148      (continue at restored ip)
next:     ip: 149, w: 30, m[w]: negate   (depth: 3, tos: 0)
next:     ip: 150, w: 144, m[w]: dovar   (depth: 3, tos: 0)
next:     ip: 151, w: 21, m[w]: +!   (depth: 4, tos: 145)
next:     ip: 152, w: 4, m[w]: unnest   (depth: 2, tos: 2)
unnest:   ip = 181      (continue at restored ip)
next:     ip: 182, w: 55, m[w]: nest   (depth: 2, tos: 2)
nest:     ip (old): 182, w: 55 --> ip (new): 56, w: 55
next:     ip: 57, w: 13, m[w]: over   (depth: 2, tos: 2)
next:     ip: 58, w: 13, m[w]: over   (depth: 3, tos: 6)
next:     ip: 59, w: 4, m[w]: unnest   (depth: 4, tos: 2)
unnest:   ip = 182      (continue at restored ip)
next:     ip: 183, w: 28, m[w]: *   (depth: 4, tos: 2)
next:     ip: 184, w: 9, m[w]: literal   (depth: 3, tos: 12)
lit:      ip: 184, s[0]=12
next:     ip: 186, w: 146, m[w]: nest   (depth: 4, tos: 12)
nest:     ip (old): 186, w: 146 --> ip (new): 147, w: 146
next:     ip: 148, w: 102, m[w]: nest   (depth: 4, tos: 12)
nest:     ip (old): 148, w: 102 --> ip (new): 103, w: 102
next:     ip: 104, w: 32, m[w]: =   (depth: 4, tos: 12)
next:     ip: 105, w: 35, m[w]: 0=   (depth: 3, tos: -1)
next:     ip: 106, w: 4, m[w]: unnest   (depth: 3, tos: 0)
unnest:   ip = 148      (continue at restored ip)
next:     ip: 149, w: 30, m[w]: negate   (depth: 3, tos: 0)
next:     ip: 150, w: 144, m[w]: dovar   (depth: 3, tos: 0)
next:     ip: 151, w: 21, m[w]: +!   (depth: 4, tos: 145)
next:     ip: 152, w: 4, m[w]: unnest   (depth: 2, tos: 2)
unnest:   ip = 186      (continue at restored ip)
next:     ip: 187, w: 29, m[w]: /   (depth: 2, tos: 2)
next:     ip: 188, w: 9, m[w]: literal   (depth: 1, tos: 3)
lit:      ip: 188, s[0]=3
next:     ip: 190, w: 146, m[w]: nest   (depth: 2, tos: 3)
nest:     ip (old): 190, w: 146 --> ip (new): 147, w: 146
next:     ip: 148, w: 102, m[w]: nest   (depth: 2, tos: 3)
nest:     ip (old): 148, w: 102 --> ip (new): 103, w: 102
next:     ip: 104, w: 32, m[w]: =   (depth: 2, tos: 3)
next:     ip: 105, w: 35, m[w]: 0=   (depth: 1, tos: -1)
next:     ip: 106, w: 4, m[w]: unnest   (depth: 1, tos: 0)
unnest:   ip = 148      (continue at restored ip)
next:     ip: 149, w: 30, m[w]: negate   (depth: 1, tos: 0)
next:     ip: 150, w: 144, m[w]: dovar   (depth: 1, tos: 0)
next:     ip: 151, w: 21, m[w]: +!   (depth: 2, tos: 145)
next:     ip: 152, w: 4, m[w]: unnest
unnest:   ip = 190      (continue at restored ip)
next:     ip: 191, w: 9, m[w]: literal
lit:      ip: 191, s[0]=10
next:     ip: 193, w: 30, m[w]: negate   (depth: 1, tos: 10)
next:     ip: 194, w: 9, m[w]: literal   (depth: 1, tos: -10)
lit:      ip: 194, s[0]=-10
next:     ip: 196, w: 146, m[w]: nest   (depth: 2, tos: -10)
nest:     ip (old): 196, w: 146 --> ip (new): 147, w: 146
next:     ip: 148, w: 102, m[w]: nest   (depth: 2, tos: -10)
nest:     ip (old): 148, w: 102 --> ip (new): 103, w: 102
next:     ip: 104, w: 32, m[w]: =   (depth: 2, tos: -10)
next:     ip: 105, w: 35, m[w]: 0=   (depth: 1, tos: -1)
next:     ip: 106, w: 4, m[w]: unnest   (depth: 1, tos: 0)
unnest:   ip = 148      (continue at restored ip)
next:     ip: 149, w: 30, m[w]: negate   (depth: 1, tos: 0)
next:     ip: 150, w: 144, m[w]: dovar   (depth: 1, tos: 0)
next:     ip: 151, w: 21, m[w]: +!   (depth: 2, tos: 145)
next:     ip: 152, w: 4, m[w]: unnest
unnest:   ip = 196      (continue at restored ip)
next:     ip: 197, w: 9, m[w]: literal
lit:      ip: 197, s[0]=-5
next:     ip: 199, w: 30, m[w]: negate   (depth: 1, tos: -5)
next:     ip: 200, w: 9, m[w]: literal   (depth: 1, tos: 5)
lit:      ip: 200, s[0]=5
next:     ip: 202, w: 146, m[w]: nest   (depth: 2, tos: 5)
nest:     ip (old): 202, w: 146 --> ip (new): 147, w: 146
next:     ip: 148, w: 102, m[w]: nest   (depth: 2, tos: 5)
nest:     ip (old): 148, w: 102 --> ip (new): 103, w: 102
next:     ip: 104, w: 32, m[w]: =   (depth: 2, tos: 5)
next:     ip: 105, w: 35, m[w]: 0=   (depth: 1, tos: -1)
next:     ip: 106, w: 4, m[w]: unnest   (depth: 1, tos: 0)
unnest:   ip = 148      (continue at restored ip)
next:     ip: 149, w: 30, m[w]: negate   (depth: 1, tos: 0)
next:     ip: 150, w: 144, m[w]: dovar   (depth: 1, tos: 0)
next:     ip: 151, w: 21, m[w]: +!   (depth: 2, tos: 145)
next:     ip: 152, w: 4, m[w]: unnest
unnest:   ip = 202      (continue at restored ip)
next:     ip: 203, w: 37, m[w]: doconst
next:     ip: 204, w: 30, m[w]: negate   (depth: 1, tos: 0)
next:     ip: 205, w: 37, m[w]: doconst   (depth: 1, tos: 0)
next:     ip: 206, w: 146, m[w]: nest   (depth: 2, tos: 0)
nest:     ip (old): 206, w: 146 --> ip (new): 147, w: 146
next:     ip: 148, w: 102, m[w]: nest   (depth: 2, tos: 0)
nest:     ip (old): 148, w: 102 --> ip (new): 103, w: 102
next:     ip: 104, w: 32, m[w]: =   (depth: 2, tos: 0)
next:     ip: 105, w: 35, m[w]: 0=   (depth: 1, tos: -1)
next:     ip: 106, w: 4, m[w]: unnest   (depth: 1, tos: 0)
unnest:   ip = 148      (continue at restored ip)
next:     ip: 149, w: 30, m[w]: negate   (depth: 1, tos: 0)
next:     ip: 150, w: 144, m[w]: dovar   (depth: 1, tos: 0)
next:     ip: 151, w: 21, m[w]: +!   (depth: 2, tos: 145)
next:     ip: 152, w: 4, m[w]: unnest
unnest:   ip = 206      (continue at restored ip)
next:     ip: 207, w: 9, m[w]: literal
lit:      ip: 207, s[0]=-0
next:     ip: 209, w: 30, m[w]: negate   (depth: 1, tos: -0)
next:     ip: 210, w: 37, m[w]: doconst   (depth: 1, tos: 0)
next:     ip: 211, w: 146, m[w]: nest   (depth: 2, tos: 0)
nest:     ip (old): 211, w: 146 --> ip (new): 147, w: 146
next:     ip: 148, w: 102, m[w]: nest   (depth: 2, tos: 0)
nest:     ip (old): 148, w: 102 --> ip (new): 103, w: 102
next:     ip: 104, w: 32, m[w]: =   (depth: 2, tos: 0)
next:     ip: 105, w: 35, m[w]: 0=   (depth: 1, tos: -1)
next:     ip: 106, w: 4, m[w]: unnest   (depth: 1, tos: 0)
unnest:   ip = 148      (continue at restored ip)
next:     ip: 149, w: 30, m[w]: negate   (depth: 1, tos: 0)
next:     ip: 150, w: 144, m[w]: dovar   (depth: 1, tos: 0)
next:     ip: 151, w: 21, m[w]: +!   (depth: 2, tos: 145)
next:     ip: 152, w: 4, m[w]: unnest
unnest:   ip = 211      (continue at restored ip)
next:     ip: 212, w: 152, m[w]: nest
nest:     ip (old): 212, w: 152 --> ip (new): 153, w: 152
next:     ip: 154, w: 142, m[w]: doconst
next:     ip: 155, w: 36, m[w]: led   (depth: 1, tos: 1)
next:     ip: 156, w: 14, m[w]: depth
next:     ip: 157, w: 144, m[w]: dovar   (depth: 1, tos: 0)
next:     ip: 158, w: 19, m[w]: @   (depth: 2, tos: 145)
next:     ip: 159, w: 23, m[w]: or   (depth: 2, tos: 0)
next:     ip: 160, w: 8, m[w]: branch0   (depth: 1, tos: 0)
branch:   ip: 163 (destination)
next:     ip: 164, w: 4, m[w]: unnest
unnest:   ip = 212      (continue at restored ip)
next:     ip: 213, w: 4, m[w]: unnest
unnest:   ip = 165      (continue at restored ip)
next:     ip: 166, w: 6, m[w]: bye
bye
