init:     ip: 169  (coldstart entry point)
next:     ip: 170, w: 171, m[w]: nest
nest:     ip (old): 170, w: 171 --> ip (new): 172, w: 171
next:     ip: 173, w: 9, m[w]: literal
lit:      ip: 173, s[0]=5
next:     ip: 175, w: 9, m[w]: literal   (depth: 1, tos: 5)
lit:      ip: 175, s[0]=10
next:     ip: 177, w: 55, m[w]: nest   (depth: 2, tos: 10)
nest:     ip (old): 177, w: 55 --> ip (new): 56, w: 55
next:     ip: 57, w: 13, m[w]: over   (depth: 2, tos: 10)
next:     ip: 58, w: 13, m[w]: over   (depth: 3, tos: 5)
next:     ip: 59, w: 4, m[w]: unnest   (depth: 4, tos: 10)
unnest:   ip = 177      (continue at restored ip)
next:     ip: 178, w: 118, m[w]: nest   (depth: 4, tos: 10)
nest:     ip (old): 178, w: 118 --> ip (new): 119, w: 118
next:     ip: 120, w: 55, m[w]: nest   (depth: 4, tos: 10)
nest:     ip (old): 120, w: 55 --> ip (new): 56, w: 55
next:     ip: 57, w: 13, m[w]: over   (depth: 4, tos: 10)
next:     ip: 58, w: 13, m[w]: over   (depth: 5, tos: 5)
next:     ip: 59, w: 4, m[w]: unnest   (depth: 6, tos: 10)
unnest:   ip = 120      (continue at restored ip)
next:     ip: 121, w: 106, m[w]: nest   (depth: 6, tos: 10)
nest:     ip (old): 121, w: 106 --> ip (new): 107, w: 106
next:     ip: 108, w: 12, m[w]: swap   (depth: 6, tos: 10)
next:     ip: 109, w: 34, m[w]: <   (depth: 6, tos: 5)
next:     ip: 110, w: 4, m[w]: unnest   (depth: 5, tos: 0)
unnest:   ip = 121      (continue at restored ip)
next:     ip: 122, w: 8, m[w]: branch0   (depth: 5, tos: 0)
branch:   ip: 124 (destination)
next:     ip: 125, w: 11, m[w]: drop   (depth: 4, tos: 10)
drop:     tos: 10
next:     ip: 126, w: 4, m[w]: unnest   (depth: 3, tos: 5)
unnest:   ip = 178      (continue at restored ip)
next:     ip: 179, w: 9, m[w]: literal   (depth: 3, tos: 5)
lit:      ip: 179, s[0]=5
next:     ip: 181, w: 148, m[w]: nest   (depth: 4, tos: 5)
nest:     ip (old): 181, w: 148 --> ip (new): 149, w: 148
next:     ip: 150, w: 102, m[w]: nest   (depth: 4, tos: 5)
nest:     ip (old): 150, w: 102 --> ip (new): 103, w: 102
next:     ip: 104, w: 32, m[w]: =   (depth: 4, tos: 5)
next:     ip: 105, w: 35, m[w]: 0=   (depth: 3, tos: -1)
next:     ip: 106, w: 4, m[w]: unnest   (depth: 3, tos: 0)
unnest:   ip = 150      (continue at restored ip)
next:     ip: 151, w: 30, m[w]: negate   (depth: 3, tos: 0)
next:     ip: 152, w: 146, m[w]: dovar   (depth: 3, tos: 0)
next:     ip: 153, w: 21, m[w]: +!   (depth: 4, tos: 147)
next:     ip: 154, w: 4, m[w]: unnest   (depth: 2, tos: 10)
unnest:   ip = 181      (continue at restored ip)
next:     ip: 182, w: 126, m[w]: nest   (depth: 2, tos: 10)
nest:     ip (old): 182, w: 126 --> ip (new): 127, w: 126
next:     ip: 128, w: 55, m[w]: nest   (depth: 2, tos: 10)
nest:     ip (old): 128, w: 55 --> ip (new): 56, w: 55
next:     ip: 57, w: 13, m[w]: over   (depth: 2, tos: 10)
next:     ip: 58, w: 13, m[w]: over   (depth: 3, tos: 5)
next:     ip: 59, w: 4, m[w]: unnest   (depth: 4, tos: 10)
unnest:   ip = 128      (continue at restored ip)
next:     ip: 129, w: 34, m[w]: <   (depth: 4, tos: 10)
next:     ip: 130, w: 8, m[w]: branch0   (depth: 3, tos: -1)
next:     ip: 132, w: 12, m[w]: swap   (depth: 2, tos: 10)
next:     ip: 133, w: 11, m[w]: drop   (depth: 2, tos: 5)
drop:     tos: 5
next:     ip: 134, w: 4, m[w]: unnest   (depth: 1, tos: 10)
unnest:   ip = 182      (continue at restored ip)
next:     ip: 183, w: 9, m[w]: literal   (depth: 1, tos: 10)
lit:      ip: 183, s[0]=10
next:     ip: 185, w: 148, m[w]: nest   (depth: 2, tos: 10)
nest:     ip (old): 185, w: 148 --> ip (new): 149, w: 148
next:     ip: 150, w: 102, m[w]: nest   (depth: 2, tos: 10)
nest:     ip (old): 150, w: 102 --> ip (new): 103, w: 102
next:     ip: 104, w: 32, m[w]: =   (depth: 2, tos: 10)
next:     ip: 105, w: 35, m[w]: 0=   (depth: 1, tos: -1)
next:     ip: 106, w: 4, m[w]: unnest   (depth: 1, tos: 0)
unnest:   ip = 150      (continue at restored ip)
next:     ip: 151, w: 30, m[w]: negate   (depth: 1, tos: 0)
next:     ip: 152, w: 146, m[w]: dovar   (depth: 1, tos: 0)
next:     ip: 153, w: 21, m[w]: +!   (depth: 2, tos: 147)
next:     ip: 154, w: 4, m[w]: unnest
unnest:   ip = 185      (continue at restored ip)
next:     ip: 186, w: 9, m[w]: literal
lit:      ip: 186, s[0]=-5
next:     ip: 188, w: 9, m[w]: literal   (depth: 1, tos: -5)
lit:      ip: 188, s[0]=5
next:     ip: 190, w: 55, m[w]: nest   (depth: 2, tos: 5)
nest:     ip (old): 190, w: 55 --> ip (new): 56, w: 55
next:     ip: 57, w: 13, m[w]: over   (depth: 2, tos: 5)
next:     ip: 58, w: 13, m[w]: over   (depth: 3, tos: -5)
next:     ip: 59, w: 4, m[w]: unnest   (depth: 4, tos: 5)
unnest:   ip = 190      (continue at restored ip)
next:     ip: 191, w: 118, m[w]: nest   (depth: 4, tos: 5)
nest:     ip (old): 191, w: 118 --> ip (new): 119, w: 118
next:     ip: 120, w: 55, m[w]: nest   (depth: 4, tos: 5)
nest:     ip (old): 120, w: 55 --> ip (new): 56, w: 55
next:     ip: 57, w: 13, m[w]: over   (depth: 4, tos: 5)
next:     ip: 58, w: 13, m[w]: over   (depth: 5, tos: -5)
next:     ip: 59, w: 4, m[w]: unnest   (depth: 6, tos: 5)
unnest:   ip = 120      (continue at restored ip)
next:     ip: 121, w: 106, m[w]: nest   (depth: 6, tos: 5)
nest:     ip (old): 121, w: 106 --> ip (new): 107, w: 106
next:     ip: 108, w: 12, m[w]: swap   (depth: 6, tos: 5)
next:     ip: 109, w: 34, m[w]: <   (depth: 6, tos: -5)
next:     ip: 110, w: 4, m[w]: unnest   (depth: 5, tos: 0)
unnest:   ip = 121      (continue at restored ip)
next:     ip: 122, w: 8, m[w]: branch0   (depth: 5, tos: 0)
branch:   ip: 124 (destination)
next:     ip: 125, w: 11, m[w]: drop   (depth: 4, tos: 5)
drop:     tos: 5
next:     ip: 126, w: 4, m[w]: unnest   (depth: 3, tos: -5)
unnest:   ip = 191      (continue at restored ip)
next:     ip: 192, w: 9, m[w]: literal   (depth: 3, tos: -5)
lit:      ip: 192, s[0]=-5
next:     ip: 194, w: 148, m[w]: nest   (depth: 4, tos: -5)
nest:     ip (old): 194, w: 148 --> ip (new): 149, w: 148
next:     ip: 150, w: 102, m[w]: nest   (depth: 4, tos: -5)
nest:     ip (old): 150, w: 102 --> ip (new): 103, w: 102
next:     ip: 104, w: 32, m[w]: =   (depth: 4, tos: -5)
next:     ip: 105, w: 35, m[w]: 0=   (depth: 3, tos: -1)
next:     ip: 106, w: 4, m[w]: unnest   (depth: 3, tos: 0)
unnest:   ip = 150      (continue at restored ip)
next:     ip: 151, w: 30, m[w]: negate   (depth: 3, tos: 0)
next:     ip: 152, w: 146, m[w]: dovar   (depth: 3, tos: 0)
next:     ip: 153, w: 21, m[w]: +!   (depth: 4, tos: 147)
next:     ip: 154, w: 4, m[w]: unnest   (depth: 2, tos: 5)
unnest:   ip = 194      (continue at restored ip)
next:     ip: 195, w: 126, m[w]: nest   (depth: 2, tos: 5)
nest:     ip (old): 195, w: 126 --> ip (new): 127, w: 126
next:     ip: 128, w: 55, m[w]: nest   (depth: 2, tos: 5)
nest:     ip (old): 128, w: 55 --> ip (new): 56, w: 55
next:     ip: 57, w: 13, m[w]: over   (depth: 2, tos: 5)
next:     ip: 58, w: 13, m[w]: over   (depth: 3, tos: -5)
next:     ip: 59, w: 4, m[w]: unnest   (depth: 4, tos: 5)
unnest:   ip = 128      (continue at restored ip)
next:     ip: 129, w: 34, m[w]: <   (depth: 4, tos: 5)
next:     ip: 130, w: 8, m[w]: branch0   (depth: 3, tos: -1)
next:     ip: 132, w: 12, m[w]: swap   (depth: 2, tos: 5)
next:     ip: 133, w: 11, m[w]: drop   (depth: 2, tos: -5)
drop:     tos: -5
next:     ip: 134, w: 4, m[w]: unnest   (depth: 1, tos: 5)
unnest:   ip = 195      (continue at restored ip)
next:     ip: 196, w: 9, m[w]: literal   (depth: 1, tos: 5)
lit:      ip: 196, s[0]=5
next:     ip: 198, w: 148, m[w]: nest   (depth: 2, tos: 5)
nest:     ip (old): 198, w: 148 --> ip (new): 149, w: 148
next:     ip: 150, w: 102, m[w]: nest   (depth: 2, tos: 5)
nest:     ip (old): 150, w: 102 --> ip (new): 103, w: 102
next:     ip: 104, w: 32, m[w]: =   (depth: 2, tos: 5)
next:     ip: 105, w: 35, m[w]: 0=   (depth: 1, tos: -1)
next:     ip: 106, w: 4, m[w]: unnest   (depth: 1, tos: 0)
unnest:   ip = 150      (continue at restored ip)
next:     ip: 151, w: 30, m[w]: negate   (depth: 1, tos: 0)
next:     ip: 152, w: 146, m[w]: dovar   (depth: 1, tos: 0)
next:     ip: 153, w: 21, m[w]: +!   (depth: 2, tos: 147)
next:     ip: 154, w: 4, m[w]: unnest
unnest:   ip = 198      (continue at restored ip)
next:     ip: 199, w: 9, m[w]: literal
lit:      ip: 199, s[0]=-10
next:     ip: 201, w: 9, m[w]: literal   (depth: 1, tos: -10)
lit:      ip: 201, s[0]=-5
next:     ip: 203, w: 55, m[w]: nest   (depth: 2, tos: -5)
nest:     ip (old): 203, w: 55 --> ip (new): 56, w: 55
next:     ip: 57, w: 13, m[w]: over   (depth: 2, tos: -5)
next:     ip: 58, w: 13, m[w]: over   (depth: 3, tos: -10)
next:     ip: 59, w: 4, m[w]: unnest   (depth: 4, tos: -5)
unnest:   ip = 203      (continue at restored ip)
next:     ip: 204, w: 118, m[w]: nest   (depth: 4, tos: -5)
nest:     ip (old): 204, w: 118 --> ip (new): 119, w: 118
next:     ip: 120, w: 55, m[w]: nest   (depth: 4, tos: -5)
nest:     ip (old): 120, w: 55 --> ip (new): 56, w: 55
next:     ip: 57, w: 13, m[w]: over   (depth: 4, tos: -5)
next:     ip: 58, w: 13, m[w]: over   (depth: 5, tos: -10)
next:     ip: 59, w: 4, m[w]: unnest   (depth: 6, tos: -5)
unnest:   ip = 120      (continue at restored ip)
next:     ip: 121, w: 106, m[w]: nest   (depth: 6, tos: -5)
nest:     ip (old): 121, w: 106 --> ip (new): 107, w: 106
next:     ip: 108, w: 12, m[w]: swap   (depth: 6, tos: -5)
next:     ip: 109, w: 34, m[w]: <   (depth: 6, tos: -10)
next:     ip: 110, w: 4, m[w]: unnest   (depth: 5, tos: 0)
unnest:   ip = 121      (continue at restored ip)
next:     ip: 122, w: 8, m[w]: branch0   (depth: 5, tos: 0)
branch:   ip: 124 (destination)
next:     ip: 125, w: 11, m[w]: drop   (depth: 4, tos: -5)
drop:     tos: -5
next:     ip: 126, w: 4, m[w]: unnest   (depth: 3, tos: -10)
unnest:   ip = 204      (continue at restored ip)
next:     ip: 205, w: 9, m[w]: literal   (depth: 3, tos: -10)
lit:      ip: 205, s[0]=-10
next:     ip: 207, w: 148, m[w]: nest   (depth: 4, tos: -10)
nest:     ip (old): 207, w: 148 --> ip (new): 149, w: 148
next:     ip: 150, w: 102, m[w]: nest   (depth: 4, tos: -10)
nest:     ip (old): 150, w: 102 --> ip (new): 103, w: 102
next:     ip: 104, w: 32, m[w]: =   (depth: 4, tos: -10)
next:     ip: 105, w: 35, m[w]: 0=   (depth: 3, tos: -1)
next:     ip: 106, w: 4, m[w]: unnest   (depth: 3, tos: 0)
unnest:   ip = 150      (continue at restored ip)
next:     ip: 151, w: 30, m[w]: negate   (depth: 3, tos: 0)
next:     ip: 152, w: 146, m[w]: dovar   (depth: 3, tos: 0)
next:     ip: 153, w: 21, m[w]: +!   (depth: 4, tos: 147)
next:     ip: 154, w: 4, m[w]: unnest   (depth: 2, tos: -5)
unnest:   ip = 207      (continue at restored ip)
next:     ip: 208, w: 126, m[w]: nest   (depth: 2, tos: -5)
nest:     ip (old): 208, w: 126 --> ip (new): 127, w: 126
next:     ip: 128, w: 55, m[w]: nest   (depth: 2, tos: -5)
nest:     ip (old): 128, w: 55 --> ip (new): 56, w: 55
next:     ip: 57, w: 13, m[w]: over   (depth: 2, tos: -5)
next:     ip: 58, w: 13, m[w]: over   (depth: 3, tos: -10)
next:     ip: 59, w: 4, m[w]: unnest   (depth: 4, tos: -5)
unnest:   ip = 128      (continue at restored ip)
next:     ip: 129, w: 34, m[w]: <   (depth: 4, tos: -5)
next:     ip: 130, w: 8, m[w]: branch0   (depth: 3, tos: -1)
next:     ip: 132, w: 12, m[w]: swap   (depth: 2, tos: -5)
next:     ip: 133, w: 11, m[w]: drop   (depth: 2, tos: -10)
drop:     tos: -10
next:     ip: 134, w: 4, m[w]: unnest   (depth: 1, tos: -5)
unnest:   ip = 208      (continue at restored ip)
next:     ip: 209, w: 9, m[w]: literal   (depth: 1, tos: -5)
lit:      ip: 209, s[0]=-5
next:     ip: 211, w: 148, m[w]: nest   (depth: 2, tos: -5)
nest:     ip (old): 211, w: 148 --> ip (new): 149, w: 148
next:     ip: 150, w: 102, m[w]: nest   (depth: 2, tos: -5)
nest:     ip (old): 150, w: 102 --> ip (new): 103, w: 102
next:     ip: 104, w: 32, m[w]: =   (depth: 2, tos: -5)
next:     ip: 105, w: 35, m[w]: 0=   (depth: 1, tos: -1)
next:     ip: 106, w: 4, m[w]: unnest   (depth: 1, tos: 0)
unnest:   ip = 150      (continue at restored ip)
next:     ip: 151, w: 30, m[w]: negate   (depth: 1, tos: 0)
next:     ip: 152, w: 146, m[w]: dovar   (depth: 1, tos: 0)
next:     ip: 153, w: 21, m[w]: +!   (depth: 2, tos: 147)
next:     ip: 154, w: 4, m[w]: unnest
unnest:   ip = 211      (continue at restored ip)
next:     ip: 212, w: 154, m[w]: nest
nest:     ip (old): 212, w: 154 --> ip (new): 155, w: 154
next:     ip: 156, w: 14, m[w]: depth
next:     ip: 157, w: 146, m[w]: dovar   (depth: 1, tos: 0)
next:     ip: 158, w: 19, m[w]: @   (depth: 2, tos: 147)
next:     ip: 159, w: 23, m[w]: or   (depth: 2, tos: 0)
next:     ip: 160, w: 144, m[w]: doconst   (depth: 1, tos: 0)
next:     ip: 161, w: 36, m[w]: led   (depth: 2, tos: 1)
next:     ip: 162, w: 142, m[w]: doconst   (depth: 1, tos: 0)
next:     ip: 163, w: 12, m[w]: swap   (depth: 2, tos: 65280)
next:     ip: 164, w: 8, m[w]: branch0   (depth: 2, tos: 0)
branch:   ip: 167 (destination)
next:     ip: 168, w: 36, m[w]: led   (depth: 1, tos: 65280)
next:     ip: 169, w: 4, m[w]: unnest
unnest:   ip = 212      (continue at restored ip)
next:     ip: 213, w: 4, m[w]: unnest
unnest:   ip = 170      (continue at restored ip)
next:     ip: 171, w: 6, m[w]: bye
VM halt, return code 0.
