init:     ip: 169  (coldstart entry point)
next:     ip: 170, w: 171, m[w]: nest
nest:     ip (old): 170, w: 171 --> ip (new): 172, w: 171
next:     ip: 173, w: 37, m[w]: doconst
next:     ip: 174, w: 71, m[w]: nest   (depth: 1, tos: 0)
nest:     ip (old): 174, w: 71 --> ip (new): 72, w: 71
next:     ip: 73, w: 41, m[w]: doconst   (depth: 1, tos: 0)
next:     ip: 74, w: 26, m[w]: +   (depth: 2, tos: -1)
next:     ip: 75, w: 4, m[w]: unnest   (depth: 1, tos: -1)
unnest:   ip = 174      (continue at restored ip)
next:     ip: 175, w: 71, m[w]: nest   (depth: 1, tos: -1)
nest:     ip (old): 175, w: 71 --> ip (new): 72, w: 71
next:     ip: 73, w: 41, m[w]: doconst   (depth: 1, tos: -1)
next:     ip: 74, w: 26, m[w]: +   (depth: 2, tos: -1)
next:     ip: 75, w: 4, m[w]: unnest   (depth: 1, tos: -2)
unnest:   ip = 175      (continue at restored ip)
next:     ip: 176, w: 71, m[w]: nest   (depth: 1, tos: -2)
nest:     ip (old): 176, w: 71 --> ip (new): 72, w: 71
next:     ip: 73, w: 41, m[w]: doconst   (depth: 1, tos: -2)
next:     ip: 74, w: 26, m[w]: +   (depth: 2, tos: -1)
next:     ip: 75, w: 4, m[w]: unnest   (depth: 1, tos: -3)
unnest:   ip = 176      (continue at restored ip)
next:     ip: 177, w: 9, m[w]: literal   (depth: 1, tos: -3)
lit:      ip: 177, s[0]=-3
next:     ip: 179, w: 148, m[w]: nest   (depth: 2, tos: -3)
nest:     ip (old): 179, w: 148 --> ip (new): 149, w: 148
next:     ip: 150, w: 102, m[w]: nest   (depth: 2, tos: -3)
nest:     ip (old): 150, w: 102 --> ip (new): 103, w: 102
next:     ip: 104, w: 32, m[w]: =   (depth: 2, tos: -3)
next:     ip: 105, w: 35, m[w]: 0=   (depth: 1, tos: -1)
next:     ip: 106, w: 4, m[w]: unnest   (depth: 1, tos: 0)
unnest:   ip = 150      (continue at restored ip)
next:     ip: 151, w: 30, m[w]: negate   (depth: 1, tos: 0)
next:     ip: 152, w: 146, m[w]: dovar   (depth: 1, tos: 0)
next:     ip: 153, w: 21, m[w]: +!   (depth: 2, tos: 147)
next:     ip: 154, w: 4, m[w]: unnest
unnest:   ip = 179      (continue at restored ip)
next:     ip: 180, w: 154, m[w]: nest
nest:     ip (old): 180, w: 154 --> ip (new): 155, w: 154
next:     ip: 156, w: 14, m[w]: depth
next:     ip: 157, w: 146, m[w]: dovar   (depth: 1, tos: 0)
next:     ip: 158, w: 19, m[w]: @   (depth: 2, tos: 147)
next:     ip: 159, w: 23, m[w]: or   (depth: 2, tos: 0)
next:     ip: 160, w: 144, m[w]: doconst   (depth: 1, tos: 0)
next:     ip: 161, w: 36, m[w]: led   (depth: 2, tos: 1)
next:     ip: 162, w: 142, m[w]: doconst   (depth: 1, tos: 0)
next:     ip: 163, w: 12, m[w]: swap   (depth: 2, tos: 65280)
next:     ip: 164, w: 8, m[w]: branch0   (depth: 2, tos: 0)
branch:   ip: 167 (destination)
next:     ip: 168, w: 36, m[w]: led   (depth: 1, tos: 65280)
next:     ip: 169, w: 4, m[w]: unnest
unnest:   ip = 180      (continue at restored ip)
next:     ip: 181, w: 4, m[w]: unnest
unnest:   ip = 170      (continue at restored ip)
next:     ip: 171, w: 6, m[w]: bye
VM halt, return code 0.
