init:     ip: 164  (coldstart entry point)
next:     ip: 165, w: 166, m[w]: nest
nest:     ip (old): 165, w: 166 --> ip (new): 167, w: 166
next:     ip: 168, w: 9, m[w]: literal
lit:      ip: 168, s[0]=100
next:     ip: 170, w: 190, m[w]: nest   (depth: 1, tos: 100)
nest:     ip (old): 170, w: 190 --> ip (new): 191, w: 190
next:     ip: 192, w: 9, m[w]: literal   (depth: 1, tos: 100)
lit:      ip: 192, s[0]=200
next:     ip: 194, w: 197, m[w]: nest   (depth: 2, tos: 200)
nest:     ip (old): 194, w: 197 --> ip (new): 198, w: 197
next:     ip: 199, w: 9, m[w]: literal   (depth: 2, tos: 200)
lit:      ip: 199, s[0]=300
next:     ip: 201, w: 204, m[w]: nest   (depth: 3, tos: 300)
nest:     ip (old): 201, w: 204 --> ip (new): 205, w: 204
next:     ip: 206, w: 9, m[w]: literal   (depth: 3, tos: 300)
lit:      ip: 206, s[0]=400
next:     ip: 208, w: 5, m[w]: noop   (depth: 4, tos: 400)
next:     ip: 209, w: 4, m[w]: unnest   (depth: 4, tos: 400)
unnest:   ip = 201      (continue at restored ip)
next:     ip: 202, w: 9, m[w]: literal   (depth: 4, tos: 400)
lit:      ip: 202, s[0]=500
next:     ip: 204, w: 4, m[w]: unnest   (depth: 5, tos: 500)
unnest:   ip = 194      (continue at restored ip)
next:     ip: 195, w: 9, m[w]: literal   (depth: 5, tos: 500)
lit:      ip: 195, s[0]=600
next:     ip: 197, w: 4, m[w]: unnest   (depth: 6, tos: 600)
unnest:   ip = 170      (continue at restored ip)
next:     ip: 171, w: 9, m[w]: literal   (depth: 6, tos: 600)
lit:      ip: 171, s[0]=600
next:     ip: 173, w: 146, m[w]: nest   (depth: 7, tos: 600)
nest:     ip (old): 173, w: 146 --> ip (new): 147, w: 146
next:     ip: 148, w: 102, m[w]: nest   (depth: 7, tos: 600)
nest:     ip (old): 148, w: 102 --> ip (new): 103, w: 102
next:     ip: 104, w: 32, m[w]: =   (depth: 7, tos: 600)
next:     ip: 105, w: 35, m[w]: 0=   (depth: 6, tos: -1)
next:     ip: 106, w: 4, m[w]: unnest   (depth: 6, tos: 0)
unnest:   ip = 148      (continue at restored ip)
next:     ip: 149, w: 30, m[w]: negate   (depth: 6, tos: 0)
next:     ip: 150, w: 144, m[w]: dovar   (depth: 6, tos: 0)
next:     ip: 151, w: 21, m[w]: +!   (depth: 7, tos: 145)
next:     ip: 152, w: 4, m[w]: unnest   (depth: 5, tos: 500)
unnest:   ip = 173      (continue at restored ip)
next:     ip: 174, w: 9, m[w]: literal   (depth: 5, tos: 500)
lit:      ip: 174, s[0]=500
next:     ip: 176, w: 146, m[w]: nest   (depth: 6, tos: 500)
nest:     ip (old): 176, w: 146 --> ip (new): 147, w: 146
next:     ip: 148, w: 102, m[w]: nest   (depth: 6, tos: 500)
nest:     ip (old): 148, w: 102 --> ip (new): 103, w: 102
next:     ip: 104, w: 32, m[w]: =   (depth: 6, tos: 500)
next:     ip: 105, w: 35, m[w]: 0=   (depth: 5, tos: -1)
next:     ip: 106, w: 4, m[w]: unnest   (depth: 5, tos: 0)
unnest:   ip = 148      (continue at restored ip)
next:     ip: 149, w: 30, m[w]: negate   (depth: 5, tos: 0)
next:     ip: 150, w: 144, m[w]: dovar   (depth: 5, tos: 0)
next:     ip: 151, w: 21, m[w]: +!   (depth: 6, tos: 145)
next:     ip: 152, w: 4, m[w]: unnest   (depth: 4, tos: 400)
unnest:   ip = 176      (continue at restored ip)
next:     ip: 177, w: 9, m[w]: literal   (depth: 4, tos: 400)
lit:      ip: 177, s[0]=400
next:     ip: 179, w: 146, m[w]: nest   (depth: 5, tos: 400)
nest:     ip (old): 179, w: 146 --> ip (new): 147, w: 146
next:     ip: 148, w: 102, m[w]: nest   (depth: 5, tos: 400)
nest:     ip (old): 148, w: 102 --> ip (new): 103, w: 102
next:     ip: 104, w: 32, m[w]: =   (depth: 5, tos: 400)
next:     ip: 105, w: 35, m[w]: 0=   (depth: 4, tos: -1)
next:     ip: 106, w: 4, m[w]: unnest   (depth: 4, tos: 0)
unnest:   ip = 148      (continue at restored ip)
next:     ip: 149, w: 30, m[w]: negate   (depth: 4, tos: 0)
next:     ip: 150, w: 144, m[w]: dovar   (depth: 4, tos: 0)
next:     ip: 151, w: 21, m[w]: +!   (depth: 5, tos: 145)
next:     ip: 152, w: 4, m[w]: unnest   (depth: 3, tos: 300)
unnest:   ip = 179      (continue at restored ip)
next:     ip: 180, w: 9, m[w]: literal   (depth: 3, tos: 300)
lit:      ip: 180, s[0]=300
next:     ip: 182, w: 146, m[w]: nest   (depth: 4, tos: 300)
nest:     ip (old): 182, w: 146 --> ip (new): 147, w: 146
next:     ip: 148, w: 102, m[w]: nest   (depth: 4, tos: 300)
nest:     ip (old): 148, w: 102 --> ip (new): 103, w: 102
next:     ip: 104, w: 32, m[w]: =   (depth: 4, tos: 300)
next:     ip: 105, w: 35, m[w]: 0=   (depth: 3, tos: -1)
next:     ip: 106, w: 4, m[w]: unnest   (depth: 3, tos: 0)
unnest:   ip = 148      (continue at restored ip)
next:     ip: 149, w: 30, m[w]: negate   (depth: 3, tos: 0)
next:     ip: 150, w: 144, m[w]: dovar   (depth: 3, tos: 0)
next:     ip: 151, w: 21, m[w]: +!   (depth: 4, tos: 145)
next:     ip: 152, w: 4, m[w]: unnest   (depth: 2, tos: 200)
unnest:   ip = 182      (continue at restored ip)
next:     ip: 183, w: 9, m[w]: literal   (depth: 2, tos: 200)
lit:      ip: 183, s[0]=200
next:     ip: 185, w: 146, m[w]: nest   (depth: 3, tos: 200)
nest:     ip (old): 185, w: 146 --> ip (new): 147, w: 146
next:     ip: 148, w: 102, m[w]: nest   (depth: 3, tos: 200)
nest:     ip (old): 148, w: 102 --> ip (new): 103, w: 102
next:     ip: 104, w: 32, m[w]: =   (depth: 3, tos: 200)
next:     ip: 105, w: 35, m[w]: 0=   (depth: 2, tos: -1)
next:     ip: 106, w: 4, m[w]: unnest   (depth: 2, tos: 0)
unnest:   ip = 148      (continue at restored ip)
next:     ip: 149, w: 30, m[w]: negate   (depth: 2, tos: 0)
next:     ip: 150, w: 144, m[w]: dovar   (depth: 2, tos: 0)
next:     ip: 151, w: 21, m[w]: +!   (depth: 3, tos: 145)
next:     ip: 152, w: 4, m[w]: unnest   (depth: 1, tos: 100)
unnest:   ip = 185      (continue at restored ip)
next:     ip: 186, w: 9, m[w]: literal   (depth: 1, tos: 100)
lit:      ip: 186, s[0]=100
next:     ip: 188, w: 146, m[w]: nest   (depth: 2, tos: 100)
nest:     ip (old): 188, w: 146 --> ip (new): 147, w: 146
next:     ip: 148, w: 102, m[w]: nest   (depth: 2, tos: 100)
nest:     ip (old): 148, w: 102 --> ip (new): 103, w: 102
next:     ip: 104, w: 32, m[w]: =   (depth: 2, tos: 100)
next:     ip: 105, w: 35, m[w]: 0=   (depth: 1, tos: -1)
next:     ip: 106, w: 4, m[w]: unnest   (depth: 1, tos: 0)
unnest:   ip = 148      (continue at restored ip)
next:     ip: 149, w: 30, m[w]: negate   (depth: 1, tos: 0)
next:     ip: 150, w: 144, m[w]: dovar   (depth: 1, tos: 0)
next:     ip: 151, w: 21, m[w]: +!   (depth: 2, tos: 145)
next:     ip: 152, w: 4, m[w]: unnest
unnest:   ip = 188      (continue at restored ip)
next:     ip: 189, w: 152, m[w]: nest
nest:     ip (old): 189, w: 152 --> ip (new): 153, w: 152
next:     ip: 154, w: 142, m[w]: doconst
next:     ip: 155, w: 36, m[w]: led   (depth: 1, tos: 1)
next:     ip: 156, w: 14, m[w]: depth
next:     ip: 157, w: 144, m[w]: dovar   (depth: 1, tos: 0)
next:     ip: 158, w: 19, m[w]: @   (depth: 2, tos: 145)
next:     ip: 159, w: 23, m[w]: or   (depth: 2, tos: 0)
next:     ip: 160, w: 8, m[w]: branch0   (depth: 1, tos: 0)
branch:   ip: 163 (destination)
next:     ip: 164, w: 4, m[w]: unnest
unnest:   ip = 189      (continue at restored ip)
next:     ip: 190, w: 4, m[w]: unnest
unnest:   ip = 165      (continue at restored ip)
next:     ip: 166, w: 6, m[w]: bye
bye
