init:     ip: 164  (coldstart entry point)
next:     ip: 165, w: 166, m[w]: nest
nest:     ip (old): 165, w: 166 --> ip (new): 167, w: 166
next:     ip: 168, w: 9, m[w]: literal
lit:      ip: 168, s[0]=10
next:     ip: 170, w: 9, m[w]: literal   (depth: 1, tos: 10)
lit:      ip: 170, s[0]=20
next:     ip: 172, w: 9, m[w]: literal   (depth: 2, tos: 20)
lit:      ip: 172, s[0]=30
next:     ip: 174, w: 59, m[w]: nest   (depth: 3, tos: 30)
nest:     ip (old): 174, w: 59 --> ip (new): 60, w: 59
next:     ip: 61, w: 12, m[w]: swap   (depth: 3, tos: 30)
next:     ip: 62, w: 11, m[w]: drop   (depth: 3, tos: 20)
drop:     tos: 20
next:     ip: 63, w: 4, m[w]: unnest   (depth: 2, tos: 30)
unnest:   ip = 174      (continue at restored ip)
next:     ip: 175, w: 63, m[w]: nest   (depth: 2, tos: 30)
nest:     ip (old): 175, w: 63 --> ip (new): 64, w: 63
next:     ip: 65, w: 12, m[w]: swap   (depth: 2, tos: 30)
next:     ip: 66, w: 13, m[w]: over   (depth: 2, tos: 10)
next:     ip: 67, w: 4, m[w]: unnest   (depth: 3, tos: 30)
unnest:   ip = 175      (continue at restored ip)
next:     ip: 176, w: 9, m[w]: literal   (depth: 3, tos: 30)
lit:      ip: 176, s[0]=30
next:     ip: 178, w: 146, m[w]: nest   (depth: 4, tos: 30)
nest:     ip (old): 178, w: 146 --> ip (new): 147, w: 146
next:     ip: 148, w: 102, m[w]: nest   (depth: 4, tos: 30)
nest:     ip (old): 148, w: 102 --> ip (new): 103, w: 102
next:     ip: 104, w: 32, m[w]: =   (depth: 4, tos: 30)
next:     ip: 105, w: 35, m[w]: 0=   (depth: 3, tos: -1)
next:     ip: 106, w: 4, m[w]: unnest   (depth: 3, tos: 0)
unnest:   ip = 148      (continue at restored ip)
next:     ip: 149, w: 30, m[w]: negate   (depth: 3, tos: 0)
next:     ip: 150, w: 144, m[w]: dovar   (depth: 3, tos: 0)
next:     ip: 151, w: 21, m[w]: +!   (depth: 4, tos: 145)
next:     ip: 152, w: 4, m[w]: unnest   (depth: 2, tos: 10)
unnest:   ip = 178      (continue at restored ip)
next:     ip: 179, w: 9, m[w]: literal   (depth: 2, tos: 10)
lit:      ip: 179, s[0]=10
next:     ip: 181, w: 146, m[w]: nest   (depth: 3, tos: 10)
nest:     ip (old): 181, w: 146 --> ip (new): 147, w: 146
next:     ip: 148, w: 102, m[w]: nest   (depth: 3, tos: 10)
nest:     ip (old): 148, w: 102 --> ip (new): 103, w: 102
next:     ip: 104, w: 32, m[w]: =   (depth: 3, tos: 10)
next:     ip: 105, w: 35, m[w]: 0=   (depth: 2, tos: -1)
next:     ip: 106, w: 4, m[w]: unnest   (depth: 2, tos: 0)
unnest:   ip = 148      (continue at restored ip)
next:     ip: 149, w: 30, m[w]: negate   (depth: 2, tos: 0)
next:     ip: 150, w: 144, m[w]: dovar   (depth: 2, tos: 0)
next:     ip: 151, w: 21, m[w]: +!   (depth: 3, tos: 145)
next:     ip: 152, w: 4, m[w]: unnest   (depth: 1, tos: 30)
unnest:   ip = 181      (continue at restored ip)
next:     ip: 182, w: 9, m[w]: literal   (depth: 1, tos: 30)
lit:      ip: 182, s[0]=30
next:     ip: 184, w: 146, m[w]: nest   (depth: 2, tos: 30)
nest:     ip (old): 184, w: 146 --> ip (new): 147, w: 146
next:     ip: 148, w: 102, m[w]: nest   (depth: 2, tos: 30)
nest:     ip (old): 148, w: 102 --> ip (new): 103, w: 102
next:     ip: 104, w: 32, m[w]: =   (depth: 2, tos: 30)
next:     ip: 105, w: 35, m[w]: 0=   (depth: 1, tos: -1)
next:     ip: 106, w: 4, m[w]: unnest   (depth: 1, tos: 0)
unnest:   ip = 148      (continue at restored ip)
next:     ip: 149, w: 30, m[w]: negate   (depth: 1, tos: 0)
next:     ip: 150, w: 144, m[w]: dovar   (depth: 1, tos: 0)
next:     ip: 151, w: 21, m[w]: +!   (depth: 2, tos: 145)
next:     ip: 152, w: 4, m[w]: unnest
unnest:   ip = 184      (continue at restored ip)
next:     ip: 185, w: 152, m[w]: nest
nest:     ip (old): 185, w: 152 --> ip (new): 153, w: 152
next:     ip: 154, w: 142, m[w]: doconst
next:     ip: 155, w: 36, m[w]: led   (depth: 1, tos: 1)
next:     ip: 156, w: 14, m[w]: depth
next:     ip: 157, w: 144, m[w]: dovar   (depth: 1, tos: 0)
next:     ip: 158, w: 19, m[w]: @   (depth: 2, tos: 145)
next:     ip: 159, w: 23, m[w]: or   (depth: 2, tos: 0)
next:     ip: 160, w: 8, m[w]: branch0   (depth: 1, tos: 0)
branch:   ip: 163 (destination)
next:     ip: 164, w: 4, m[w]: unnest
unnest:   ip = 185      (continue at restored ip)
next:     ip: 186, w: 4, m[w]: unnest
unnest:   ip = 165      (continue at restored ip)
next:     ip: 166, w: 6, m[w]: bye
bye
