init:     ip: 164  (coldstart entry point)
next:     ip: 165, w: 166, m[w]: nest
nest:     ip (old): 165, w: 166 --> ip (new): 167, w: 166
next:     ip: 168, w: 39, m[w]: doconst
next:     ip: 169, w: 9, m[w]: literal   (depth: 1, tos: 1)
lit:      ip: 169, s[0]=2
next:     ip: 171, w: 12, m[w]: swap   (depth: 2, tos: 2)
next:     ip: 172, w: 39, m[w]: doconst   (depth: 2, tos: 1)
next:     ip: 173, w: 146, m[w]: nest   (depth: 3, tos: 1)
nest:     ip (old): 173, w: 146 --> ip (new): 147, w: 146
next:     ip: 148, w: 102, m[w]: nest   (depth: 3, tos: 1)
nest:     ip (old): 148, w: 102 --> ip (new): 103, w: 102
next:     ip: 104, w: 32, m[w]: =   (depth: 3, tos: 1)
next:     ip: 105, w: 35, m[w]: 0=   (depth: 2, tos: -1)
next:     ip: 106, w: 4, m[w]: unnest   (depth: 2, tos: 0)
unnest:   ip = 148      (continue at restored ip)
next:     ip: 149, w: 30, m[w]: negate   (depth: 2, tos: 0)
next:     ip: 150, w: 144, m[w]: dovar   (depth: 2, tos: 0)
next:     ip: 151, w: 21, m[w]: +!   (depth: 3, tos: 145)
next:     ip: 152, w: 4, m[w]: unnest   (depth: 1, tos: 2)
unnest:   ip = 173      (continue at restored ip)
next:     ip: 174, w: 9, m[w]: literal   (depth: 1, tos: 2)
lit:      ip: 174, s[0]=2
next:     ip: 176, w: 146, m[w]: nest   (depth: 2, tos: 2)
nest:     ip (old): 176, w: 146 --> ip (new): 147, w: 146
next:     ip: 148, w: 102, m[w]: nest   (depth: 2, tos: 2)
nest:     ip (old): 148, w: 102 --> ip (new): 103, w: 102
next:     ip: 104, w: 32, m[w]: =   (depth: 2, tos: 2)
next:     ip: 105, w: 35, m[w]: 0=   (depth: 1, tos: -1)
next:     ip: 106, w: 4, m[w]: unnest   (depth: 1, tos: 0)
unnest:   ip = 148      (continue at restored ip)
next:     ip: 149, w: 30, m[w]: negate   (depth: 1, tos: 0)
next:     ip: 150, w: 144, m[w]: dovar   (depth: 1, tos: 0)
next:     ip: 151, w: 21, m[w]: +!   (depth: 2, tos: 145)
next:     ip: 152, w: 4, m[w]: unnest
unnest:   ip = 176      (continue at restored ip)
next:     ip: 177, w: 152, m[w]: nest
nest:     ip (old): 177, w: 152 --> ip (new): 153, w: 152
next:     ip: 154, w: 142, m[w]: doconst
next:     ip: 155, w: 36, m[w]: led   (depth: 1, tos: 1)
next:     ip: 156, w: 14, m[w]: depth
next:     ip: 157, w: 144, m[w]: dovar   (depth: 1, tos: 0)
next:     ip: 158, w: 19, m[w]: @   (depth: 2, tos: 145)
next:     ip: 159, w: 23, m[w]: or   (depth: 2, tos: 0)
next:     ip: 160, w: 8, m[w]: branch0   (depth: 1, tos: 0)
branch:   ip: 163 (destination)
next:     ip: 164, w: 4, m[w]: unnest
unnest:   ip = 177      (continue at restored ip)
next:     ip: 178, w: 4, m[w]: unnest
unnest:   ip = 165      (continue at restored ip)
next:     ip: 166, w: 6, m[w]: bye
bye
