init:     ip: 175  (coldstart entry point)
next:     ip: 176, w: 181, m[w]: nest
nest:     ip (old): 176, w: 181 --> ip (new): 182, w: 181
next:     ip: 183, w: 10, m[w]: literal
lit:      ip: 183, s[0]=123
next:     ip: 185, w: 179, m[w]: doconst   (depth: 1, tos: 123)
next:     ip: 186, w: 10, m[w]: literal   (depth: 2, tos: 1)
lit:      ip: 186, s[0]=37
next:     ip: 188, w: 177, m[w]: doconst   (depth: 3, tos: 37)
next:     ip: 189, w: 14, m[w]: over   (depth: 4, tos: 16711680)
next:     ip: 190, w: 10, m[w]: literal   (depth: 5, tos: 37)
lit:      ip: 190, s[0]=2
next:     ip: 192, w: 80, m[w]: nest   (depth: 6, tos: 2)
nest:     ip (old): 192, w: 80 --> ip (new): 81, w: 80
next:     ip: 82, w: 17, m[w]: r>   (depth: 6, tos: 2)
next:     ip: 83, w: 13, m[w]: swap   (depth: 7, tos: 192)
next:     ip: 84, w: 16, m[w]: >r   (depth: 7, tos: 2)
next:     ip: 85, w: 11, m[w]: dup   (depth: 6, tos: 192)
next:     ip: 86, w: 16, m[w]: >r   (depth: 7, tos: 192)
next:     ip: 87, w: 16, m[w]: >r   (depth: 6, tos: 192)
next:     ip: 88, w: 4, m[w]: unnest   (depth: 5, tos: 37)
unnest:   ip = 192      (continue at restored ip)
next:     ip: 193, w: 9, m[w]: execute   (depth: 5, tos: 37)
next:     ip: 194, w: 88, m[w]: nest   (depth: 3, tos: 37)
nest:     ip (old): 194, w: 88 --> ip (new): 89, w: 88
next:     ip: 90, w: 17, m[w]: r>   (depth: 3, tos: 37)
next:     ip: 91, w: 17, m[w]: r>   (depth: 4, tos: 194)
next:     ip: 92, w: 17, m[w]: r>   (depth: 5, tos: 192)
next:     ip: 93, w: 72, m[w]: nest   (depth: 6, tos: 2)
nest:     ip (old): 93, w: 72 --> ip (new): 73, w: 72
next:     ip: 74, w: 42, m[w]: doconst   (depth: 6, tos: 2)
next:     ip: 75, w: 27, m[w]: +   (depth: 7, tos: -1)
next:     ip: 76, w: 4, m[w]: unnest   (depth: 6, tos: 1)
unnest:   ip = 93      (continue at restored ip)
next:     ip: 94, w: 140, m[w]: nest   (depth: 6, tos: 1)
nest:     ip (old): 94, w: 140 --> ip (new): 141, w: 140
next:     ip: 142, w: 11, m[w]: dup   (depth: 6, tos: 1)
next:     ip: 143, w: 8, m[w]: branch0   (depth: 7, tos: 1)
next:     ip: 145, w: 11, m[w]: dup   (depth: 6, tos: 1)
next:     ip: 146, w: 4, m[w]: unnest   (depth: 7, tos: 1)
unnest:   ip = 94      (continue at restored ip)
next:     ip: 95, w: 8, m[w]: branch0   (depth: 7, tos: 1)
next:     ip: 97, w: 16, m[w]: >r   (depth: 6, tos: 1)
next:     ip: 98, w: 11, m[w]: dup   (depth: 5, tos: 192)
next:     ip: 99, w: 16, m[w]: >r   (depth: 6, tos: 192)
next:     ip: 100, w: 13, m[w]: swap   (depth: 5, tos: 192)
next:     ip: 101, w: 12, m[w]: drop   (depth: 5, tos: 194)
drop:     tos: 194
next:     ip: 102, w: 16, m[w]: >r   (depth: 4, tos: 192)
next:     ip: 103, w: 4, m[w]: unnest   (depth: 3, tos: 37)
unnest:   ip = 192      (continue at restored ip)
next:     ip: 193, w: 9, m[w]: execute   (depth: 3, tos: 37)
next:     ip: 194, w: 88, m[w]: nest   (depth: 1, tos: 123)
nest:     ip (old): 194, w: 88 --> ip (new): 89, w: 88
next:     ip: 90, w: 17, m[w]: r>   (depth: 1, tos: 123)
next:     ip: 91, w: 17, m[w]: r>   (depth: 2, tos: 194)
next:     ip: 92, w: 17, m[w]: r>   (depth: 3, tos: 192)
next:     ip: 93, w: 72, m[w]: nest   (depth: 4, tos: 1)
nest:     ip (old): 93, w: 72 --> ip (new): 73, w: 72
next:     ip: 74, w: 42, m[w]: doconst   (depth: 4, tos: 1)
next:     ip: 75, w: 27, m[w]: +   (depth: 5, tos: -1)
next:     ip: 76, w: 4, m[w]: unnest   (depth: 4, tos: 0)
unnest:   ip = 93      (continue at restored ip)
next:     ip: 94, w: 140, m[w]: nest   (depth: 4, tos: 0)
nest:     ip (old): 94, w: 140 --> ip (new): 141, w: 140
next:     ip: 142, w: 11, m[w]: dup   (depth: 4, tos: 0)
next:     ip: 143, w: 8, m[w]: branch0   (depth: 5, tos: 0)
branch:   ip: 145 (destination)
next:     ip: 146, w: 4, m[w]: unnest   (depth: 4, tos: 0)
unnest:   ip = 94      (continue at restored ip)
next:     ip: 95, w: 8, m[w]: branch0   (depth: 4, tos: 0)
branch:   ip: 100 (destination)
next:     ip: 101, w: 12, m[w]: drop   (depth: 3, tos: 192)
drop:     tos: 192
next:     ip: 102, w: 16, m[w]: >r   (depth: 2, tos: 194)
next:     ip: 103, w: 4, m[w]: unnest   (depth: 1, tos: 123)
unnest:   ip = 194      (continue at restored ip)
next:     ip: 195, w: 10, m[w]: literal   (depth: 1, tos: 123)
lit:      ip: 195, s[0]=123
next:     ip: 197, w: 154, m[w]: nest   (depth: 2, tos: 123)
nest:     ip (old): 197, w: 154 --> ip (new): 155, w: 154
next:     ip: 156, w: 108, m[w]: nest   (depth: 2, tos: 123)
nest:     ip (old): 156, w: 108 --> ip (new): 109, w: 108
next:     ip: 110, w: 33, m[w]: =   (depth: 2, tos: 123)
next:     ip: 111, w: 36, m[w]: 0=   (depth: 1, tos: -1)
next:     ip: 112, w: 4, m[w]: unnest   (depth: 1, tos: 0)
unnest:   ip = 156      (continue at restored ip)
next:     ip: 157, w: 31, m[w]: negate   (depth: 1, tos: 0)
next:     ip: 158, w: 152, m[w]: dovar   (depth: 1, tos: 0)
next:     ip: 159, w: 22, m[w]: +!   (depth: 2, tos: 153)
next:     ip: 160, w: 4, m[w]: unnest
unnest:   ip = 197      (continue at restored ip)
next:     ip: 198, w: 160, m[w]: nest
nest:     ip (old): 198, w: 160 --> ip (new): 161, w: 160
next:     ip: 162, w: 15, m[w]: depth
next:     ip: 163, w: 152, m[w]: dovar   (depth: 1, tos: 0)
next:     ip: 164, w: 20, m[w]: @   (depth: 2, tos: 153)
next:     ip: 165, w: 24, m[w]: or   (depth: 2, tos: 0)
next:     ip: 166, w: 150, m[w]: doconst   (depth: 1, tos: 0)
next:     ip: 167, w: 37, m[w]: led   (depth: 2, tos: 1)
next:     ip: 168, w: 148, m[w]: doconst   (depth: 1, tos: 0)
next:     ip: 169, w: 13, m[w]: swap   (depth: 2, tos: 65280)
next:     ip: 170, w: 8, m[w]: branch0   (depth: 2, tos: 0)
branch:   ip: 173 (destination)
next:     ip: 174, w: 37, m[w]: led   (depth: 1, tos: 65280)
next:     ip: 175, w: 4, m[w]: unnest
unnest:   ip = 198      (continue at restored ip)
next:     ip: 199, w: 4, m[w]: unnest
unnest:   ip = 176      (continue at restored ip)
next:     ip: 177, w: 6, m[w]: bye
VM halt, return code 0.
